<?xml version="1.0" encoding="UTF-8" ?>
<testsuite errors="0" failures="0" hostname="Lenovo-PC" name="es.uvigo.esei.dai.hybridserver.HybridServerFirstReleaseTestSuite" skipped="0" tests="116" time="4.459" timestamp="2015-11-05T17:20:59">
  <properties>
[...]
</properties>
  <testcase classname="es.uvigo.esei.dai.hybridserver.week1.WelcomePageTest" name="testMultipleWelcome" time="0.755" />
  <testcase classname="es.uvigo.esei.dai.hybridserver.week1.WelcomePageTest" name="testWelcome" time="0.513" />
  <testcase classname="es.uvigo.esei.dai.hybridserver.week1.HTTPBadRequestsTest" name="test[Missing method]" time="0.0" />
  <testcase classname="es.uvigo.esei.dai.hybridserver.week1.HTTPBadRequestsTest" name="test[Missing resource]" time="0.0" />
  <testcase classname="es.uvigo.esei.dai.hybridserver.week1.HTTPBadRequestsTest" name="test[Missing version]" time="0.0" />
  <testcase classname="es.uvigo.esei.dai.hybridserver.week1.HTTPBadRequestsTest" name="test[Missing first line]" time="0.0" />
  <testcase classname="es.uvigo.esei.dai.hybridserver.week1.HTTPBadRequestsTest" name="test[Invalid header]" time="0.0" />
  <testcase classname="es.uvigo.esei.dai.hybridserver.week1.HTTPBadRequestsTest" name="test[Missing new line after header]" time="0.0" />
  <testcase classname="es.uvigo.esei.dai.hybridserver.week1.HTTPRequestGETRootTest" name="testGetResourceChain" time="0.001" />
  <testcase classname="es.uvigo.esei.dai.hybridserver.week1.HTTPRequestGETRootTest" name="testToString" time="0.0" />
  <testcase classname="es.uvigo.esei.dai.hybridserver.week1.HTTPRequestGETRootTest" name="testGetHttpVersion" time="0.001" />
  <testcase classname="es.uvigo.esei.dai.hybridserver.week1.HTTPRequestGETRootTest" name="testGetHeaderParameters" time="0.001" />
  <testcase classname="es.uvigo.esei.dai.hybridserver.week1.HTTPRequestGETRootTest" name="testGetResourceName" time="0.0" />
  <testcase classname="es.uvigo.esei.dai.hybridserver.week1.HTTPRequestGETRootTest" name="testGetResourcePath" time="0.002" />
  <testcase classname="es.uvigo.esei.dai.hybridserver.week1.HTTPRequestGETRootTest" name="testGetContent" time="0.0" />
  <testcase classname="es.uvigo.esei.dai.hybridserver.week1.HTTPRequestGETRootTest" name="testGetMethod" time="0.002" />
  <testcase classname="es.uvigo.esei.dai.hybridserver.week1.HTTPRequestGETRootTest" name="testGetContentLength" time="0.0" />
  <testcase classname="es.uvigo.esei.dai.hybridserver.week1.HTTPRequestGETRootTest" name="testGetResourceParameters" time="0.001" />
  <testcase classname="es.uvigo.esei.dai.hybridserver.week1.HTTPRequestGETResourceTest" name="testGetResourceChain" time="0.0" />
  <testcase classname="es.uvigo.esei.dai.hybridserver.week1.HTTPRequestGETResourceTest" name="testToString" time="0.0" />
  <testcase classname="es.uvigo.esei.dai.hybridserver.week1.HTTPRequestGETResourceTest" name="testGetHttpVersion" time="0.0" />
  <testcase classname="es.uvigo.esei.dai.hybridserver.week1.HTTPRequestGETResourceTest" name="testGetHeaderParameters" time="0.001" />
  <testcase classname="es.uvigo.esei.dai.hybridserver.week1.HTTPRequestGETResourceTest" name="testGetResourceName" time="0.001" />
  <testcase classname="es.uvigo.esei.dai.hybridserver.week1.HTTPRequestGETResourceTest" name="testGetResourcePath" time="0.001" />
  <testcase classname="es.uvigo.esei.dai.hybridserver.week1.HTTPRequestGETResourceTest" name="testGetContent" time="0.001" />
  <testcase classname="es.uvigo.esei.dai.hybridserver.week1.HTTPRequestGETResourceTest" name="testGetMethod" time="0.001" />
  <testcase classname="es.uvigo.esei.dai.hybridserver.week1.HTTPRequestGETResourceTest" name="testGetContentLength" time="0.0" />
  <testcase classname="es.uvigo.esei.dai.hybridserver.week1.HTTPRequestGETResourceTest" name="testGetResourceParameters" time="0.0" />
  <testcase classname="es.uvigo.esei.dai.hybridserver.week1.HTTPRequestGETResourcesTest" name="testGetResourceChain" time="0.001" />
  <testcase classname="es.uvigo.esei.dai.hybridserver.week1.HTTPRequestGETResourcesTest" name="testToString" time="0.0" />
  <testcase classname="es.uvigo.esei.dai.hybridserver.week1.HTTPRequestGETResourcesTest" name="testGetHttpVersion" time="0.0" />
  <testcase classname="es.uvigo.esei.dai.hybridserver.week1.HTTPRequestGETResourcesTest" name="testGetHeaderParameters" time="0.0" />
  <testcase classname="es.uvigo.esei.dai.hybridserver.week1.HTTPRequestGETResourcesTest" name="testGetResourceName" time="0.0" />
  <testcase classname="es.uvigo.esei.dai.hybridserver.week1.HTTPRequestGETResourcesTest" name="testGetResourcePath" time="0.0" />
  <testcase classname="es.uvigo.esei.dai.hybridserver.week1.HTTPRequestGETResourcesTest" name="testGetContent" time="0.001" />
  <testcase classname="es.uvigo.esei.dai.hybridserver.week1.HTTPRequestGETResourcesTest" name="testGetMethod" time="0.002" />
  <testcase classname="es.uvigo.esei.dai.hybridserver.week1.HTTPRequestGETResourcesTest" name="testGetContentLength" time="0.001" />
  <testcase classname="es.uvigo.esei.dai.hybridserver.week1.HTTPRequestGETResourcesTest" name="testGetResourceParameters" time="0.0" />
  <testcase classname="es.uvigo.esei.dai.hybridserver.week1.HTTPRequestGETParametersTest" name="testGetResourceChain" time="0.0" />
  <testcase classname="es.uvigo.esei.dai.hybridserver.week1.HTTPRequestGETParametersTest" name="testToString" time="0.0" />
  <testcase classname="es.uvigo.esei.dai.hybridserver.week1.HTTPRequestGETParametersTest" name="testGetHttpVersion" time="0.0" />
  <testcase classname="es.uvigo.esei.dai.hybridserver.week1.HTTPRequestGETParametersTest" name="testGetHeaderParameters" time="0.001" />
  <testcase classname="es.uvigo.esei.dai.hybridserver.week1.HTTPRequestGETParametersTest" name="testGetResourceName" time="0.0" />
  <testcase classname="es.uvigo.esei.dai.hybridserver.week1.HTTPRequestGETParametersTest" name="testGetResourcePath" time="0.0" />
  <testcase classname="es.uvigo.esei.dai.hybridserver.week1.HTTPRequestGETParametersTest" name="testGetContent" time="0.0" />
  <testcase classname="es.uvigo.esei.dai.hybridserver.week1.HTTPRequestGETParametersTest" name="testGetMethod" time="0.001" />
  <testcase classname="es.uvigo.esei.dai.hybridserver.week1.HTTPRequestGETParametersTest" name="testGetContentLength" time="0.0" />
  <testcase classname="es.uvigo.esei.dai.hybridserver.week1.HTTPRequestGETParametersTest" name="testGetResourceParameters" time="0.0" />
  <testcase classname="es.uvigo.esei.dai.hybridserver.week1.HTTPRequestPOSTOneParameterTest" name="testGetResourceChain" time="0.0" />
  <testcase classname="es.uvigo.esei.dai.hybridserver.week1.HTTPRequestPOSTOneParameterTest" name="testToString" time="0.0" />
  <testcase classname="es.uvigo.esei.dai.hybridserver.week1.HTTPRequestPOSTOneParameterTest" name="testGetHttpVersion" time="0.001" />
  <testcase classname="es.uvigo.esei.dai.hybridserver.week1.HTTPRequestPOSTOneParameterTest" name="testGetHeaderParameters" time="0.0" />
  <testcase classname="es.uvigo.esei.dai.hybridserver.week1.HTTPRequestPOSTOneParameterTest" name="testGetResourceName" time="0.001" />
  <testcase classname="es.uvigo.esei.dai.hybridserver.week1.HTTPRequestPOSTOneParameterTest" name="testGetResourcePath" time="0.0" />
  <testcase classname="es.uvigo.esei.dai.hybridserver.week1.HTTPRequestPOSTOneParameterTest" name="testGetContent" time="0.0" />
  <testcase classname="es.uvigo.esei.dai.hybridserver.week1.HTTPRequestPOSTOneParameterTest" name="testGetMethod" time="0.0" />
  <testcase classname="es.uvigo.esei.dai.hybridserver.week1.HTTPRequestPOSTOneParameterTest" name="testGetContentLength" time="0.0" />
  <testcase classname="es.uvigo.esei.dai.hybridserver.week1.HTTPRequestPOSTOneParameterTest" name="testGetResourceParameters" time="0.0" />
  <testcase classname="es.uvigo.esei.dai.hybridserver.week1.HTTPRequestPOSTMultipleParametersTest" name="testGetResourceChain" time="0.0" />
  <testcase classname="es.uvigo.esei.dai.hybridserver.week1.HTTPRequestPOSTMultipleParametersTest" name="testToString" time="0.001" />
  <testcase classname="es.uvigo.esei.dai.hybridserver.week1.HTTPRequestPOSTMultipleParametersTest" name="testGetHttpVersion" time="0.001" />
  <testcase classname="es.uvigo.esei.dai.hybridserver.week1.HTTPRequestPOSTMultipleParametersTest" name="testGetHeaderParameters" time="0.0" />
  <testcase classname="es.uvigo.esei.dai.hybridserver.week1.HTTPRequestPOSTMultipleParametersTest" name="testGetResourceName" time="0.0" />
  <testcase classname="es.uvigo.esei.dai.hybridserver.week1.HTTPRequestPOSTMultipleParametersTest" name="testGetResourcePath" time="0.0" />
  <testcase classname="es.uvigo.esei.dai.hybridserver.week1.HTTPRequestPOSTMultipleParametersTest" name="testGetContent" time="0.0" />
  <testcase classname="es.uvigo.esei.dai.hybridserver.week1.HTTPRequestPOSTMultipleParametersTest" name="testGetMethod" time="0.0" />
  <testcase classname="es.uvigo.esei.dai.hybridserver.week1.HTTPRequestPOSTMultipleParametersTest" name="testGetContentLength" time="0.0" />
  <testcase classname="es.uvigo.esei.dai.hybridserver.week1.HTTPRequestPOSTMultipleParametersTest" name="testGetResourceParameters" time="0.0" />
  <testcase classname="es.uvigo.esei.dai.hybridserver.week1.HTTPRequestPOSTEncodedTest" name="testGetResourceChain" time="0.001" />
  <testcase classname="es.uvigo.esei.dai.hybridserver.week1.HTTPRequestPOSTEncodedTest" name="testToString" time="0.002" />
  <testcase classname="es.uvigo.esei.dai.hybridserver.week1.HTTPRequestPOSTEncodedTest" name="testGetHttpVersion" time="0.001" />
  <testcase classname="es.uvigo.esei.dai.hybridserver.week1.HTTPRequestPOSTEncodedTest" name="testGetHeaderParameters" time="0.001" />
  <testcase classname="es.uvigo.esei.dai.hybridserver.week1.HTTPRequestPOSTEncodedTest" name="testGetResourceName" time="0.0" />
  <testcase classname="es.uvigo.esei.dai.hybridserver.week1.HTTPRequestPOSTEncodedTest" name="testGetResourcePath" time="0.0" />
  <testcase classname="es.uvigo.esei.dai.hybridserver.week1.HTTPRequestPOSTEncodedTest" name="testGetContent" time="0.0" />
  <testcase classname="es.uvigo.esei.dai.hybridserver.week1.HTTPRequestPOSTEncodedTest" name="testGetMethod" time="0.0" />
  <testcase classname="es.uvigo.esei.dai.hybridserver.week1.HTTPRequestPOSTEncodedTest" name="testGetContentLength" time="0.0" />
  <testcase classname="es.uvigo.esei.dai.hybridserver.week1.HTTPRequestPOSTEncodedTest" name="testGetResourceParameters" time="0.0" />
  <testcase classname="es.uvigo.esei.dai.hybridserver.week1.HTTPResponseNoContentTest" name="testPrint" time="0.001" />
  <testcase classname="es.uvigo.esei.dai.hybridserver.week1.HTTPResponseNoContentWithHeadersTest" name="testPrint" time="0.001" />
  <testcase classname="es.uvigo.esei.dai.hybridserver.week1.HTTPResponseTest" name="testPrint" time="0.0" />
  <testcase classname="es.uvigo.esei.dai.hybridserver.week1.HTTPResponseWithHeadersTest" name="testPrint" time="0.001" />
  <testcase classname="es.uvigo.esei.dai.hybridserver.week2.ClientRequetsTest" name="testPostInvalidContent" time="0.015" />
  <testcase classname="es.uvigo.esei.dai.hybridserver.week2.ClientRequetsTest" name="testPost" time="0.014" />
  <testcase classname="es.uvigo.esei.dai.hybridserver.week2.ClientRequetsTest" name="testGetInvalidResource" time="0.007" />
  <testcase classname="es.uvigo.esei.dai.hybridserver.week2.ClientRequetsTest" name="testGetInvalidHtmlPage" time="0.006" />
  <testcase classname="es.uvigo.esei.dai.hybridserver.week2.ClientRequetsTest" name="testGetHtmlList" time="0.007" />
  <testcase classname="es.uvigo.esei.dai.hybridserver.week2.ClientRequetsTest" name="testGetHtmlPage" time="0.065" />
  <testcase classname="es.uvigo.esei.dai.hybridserver.week2.ClientRequetsTest" name="testDelete" time="0.511" />
  <testcase classname="es.uvigo.esei.dai.hybridserver.week2.ClientRequetsTest" name="testDeleteNonexistentPage" time="0.005" />
  <testcase classname="es.uvigo.esei.dai.hybridserver.week3.CustomPortTest" name="testMultipleWelcome[0]" time="0.286" />
  <testcase classname="es.uvigo.esei.dai.hybridserver.week3.CustomPortTest" name="testWelcome[0]" time="0.009" />
  <testcase classname="es.uvigo.esei.dai.hybridserver.week3.CustomPortTest" name="testMultipleWelcome[1]" time="0.085" />
  <testcase classname="es.uvigo.esei.dai.hybridserver.week3.CustomPortTest" name="testWelcome[1]" time="0.01" />
  <testcase classname="es.uvigo.esei.dai.hybridserver.week3.CustomPortTest" name="testMultipleWelcome[2]" time="0.077" />
  <testcase classname="es.uvigo.esei.dai.hybridserver.week3.CustomPortTest" name="testWelcome[2]" time="0.008" />
  <testcase classname="es.uvigo.esei.dai.hybridserver.week3.CustomPortTest" name="testMultipleWelcome[3]" time="0.082" />
  <testcase classname="es.uvigo.esei.dai.hybridserver.week3.CustomPortTest" name="testWelcome[3]" time="0.01" />
  <testcase classname="es.uvigo.esei.dai.hybridserver.week3.CustomPortTest" name="testMultipleWelcome[4]" time="0.068" />
  <testcase classname="es.uvigo.esei.dai.hybridserver.week3.CustomPortTest" name="testWelcome[4]" time="0.008" />
  <testcase classname="es.uvigo.esei.dai.hybridserver.week3.CustomPortTest" name="testMultipleWelcome[5]" time="0.07" />
  <testcase classname="es.uvigo.esei.dai.hybridserver.week3.CustomPortTest" name="testWelcome[5]" time="0.011" />
  <testcase classname="es.uvigo.esei.dai.hybridserver.week3.CustomPortTest" name="testMultipleWelcome[6]" time="0.095" />
  <testcase classname="es.uvigo.esei.dai.hybridserver.week3.CustomPortTest" name="testWelcome[6]" time="0.01" />
  <testcase classname="es.uvigo.esei.dai.hybridserver.week3.CustomPortTest" name="testMultipleWelcome[7]" time="0.073" />
  <testcase classname="es.uvigo.esei.dai.hybridserver.week3.CustomPortTest" name="testWelcome[7]" time="0.008" />
  <testcase classname="es.uvigo.esei.dai.hybridserver.week3.CustomPortTest" name="testMultipleWelcome[8]" time="0.07" />
  <testcase classname="es.uvigo.esei.dai.hybridserver.week3.CustomPortTest" name="testWelcome[8]" time="0.009" />
  <testcase classname="es.uvigo.esei.dai.hybridserver.week3.CustomPortTest" name="testMultipleWelcome[9]" time="0.07" />
  <testcase classname="es.uvigo.esei.dai.hybridserver.week3.CustomPortTest" name="testWelcome[9]" time="0.007" />
  <testcase classname="es.uvigo.esei.dai.hybridserver.week3.ClientRequestsWithDatabaseTest" name="testPostInvalidContent" time="0.299" />
  <testcase classname="es.uvigo.esei.dai.hybridserver.week3.ClientRequestsWithDatabaseTest" name="testPost" time="0.138" />
  <testcase classname="es.uvigo.esei.dai.hybridserver.week3.ClientRequestsWithDatabaseTest" name="testGetInvalidHtmlPage" time="0.087" />
  <testcase classname="es.uvigo.esei.dai.hybridserver.week3.ClientRequestsWithDatabaseTest" name="testGetHtmlList" time="0.082" />
  <testcase classname="es.uvigo.esei.dai.hybridserver.week3.ClientRequestsWithDatabaseTest" name="testDelete" time="0.598" />
  <testcase classname="es.uvigo.esei.dai.hybridserver.week3.ClientRequestsWithDatabaseTest" name="testDeleteNonexistentPage" time="0.099" />
  <system-out><![CDATA[REQUEST: 
GET / HTTP/1.1
Connection: close
Content-encoding: UTF-8
Host: localhost:8888
User-Agent: Apache-HttpClient/4.3.5 (java 1.5)
Accept-Encoding: gzip,deflate


HTTP/1.1 200 OK
Content-Type: text/html
Content-Length: 13

Hybrid Server
RESPONSE: 
HTTP/1.1 200 OK
Content-Type: text/html
Content-Length: 13

Hybrid Server

REQUEST: 
GET / HTTP/1.1
Connection: close
Content-encoding: UTF-8
Host: localhost:8888
User-Agent: Apache-HttpClient/4.3.5 (java 1.5)
Accept-Encoding: gzip,deflate


HTTP/1.1 200 OK
Content-Type: text/html
Content-Length: 13

Hybrid Server
RESPONSE: 
HTTP/1.1 200 OK
Content-Type: text/html
Content-Length: 13

Hybrid Server

REQUEST: 
GET / HTTP/1.1
Connection: close
Content-encoding: UTF-8
Host: localhost:8888
User-Agent: Apache-HttpClient/4.3.5 (java 1.5)
Accept-Encoding: gzip,deflate


HTTP/1.1 200 OK
Content-Type: text/html
Content-Length: 13

Hybrid Server
RESPONSE: 
HTTP/1.1 200 OK
Content-Type: text/html
Content-Length: 13

Hybrid Server

REQUEST: 
GET / HTTP/1.1
Connection: close
Content-encoding: UTF-8
Host: localhost:8888
User-Agent: Apache-HttpClient/4.3.5 (java 1.5)
Accept-Encoding: gzip,deflate


HTTP/1.1 200 OK
Content-Type: text/html
Content-Length: 13

Hybrid Server
RESPONSE: 
HTTP/1.1 200 OK
Content-Type: text/html
Content-Length: 13

Hybrid Server

REQUEST: 
GET / HTTP/1.1
Connection: close
Content-encoding: UTF-8
Host: localhost:8888
User-Agent: Apache-HttpClient/4.3.5 (java 1.5)
Accept-Encoding: gzip,deflate


HTTP/1.1 200 OK
Content-Type: text/html
Content-Length: 13

Hybrid Server
RESPONSE: 
HTTP/1.1 200 OK
Content-Type: text/html
Content-Length: 13

Hybrid Server

REQUEST: 
GET / HTTP/1.1
Connection: close
Content-encoding: UTF-8
Host: localhost:8888
User-Agent: Apache-HttpClient/4.3.5 (java 1.5)
Accept-Encoding: gzip,deflate


HTTP/1.1 200 OK
Content-Type: text/html
Content-Length: 13

Hybrid Server
RESPONSE: 
HTTP/1.1 200 OK
Content-Type: text/html
Content-Length: 13

Hybrid Server

REQUEST: 
GET / HTTP/1.1
Connection: close
Content-encoding: UTF-8
Host: localhost:8888
User-Agent: Apache-HttpClient/4.3.5 (java 1.5)
Accept-Encoding: gzip,deflate


HTTP/1.1 200 OK
Content-Type: text/html
Content-Length: 13

Hybrid Server
RESPONSE: 
HTTP/1.1 200 OK
Content-Type: text/html
Content-Length: 13

Hybrid Server

REQUEST: 
GET / HTTP/1.1
Connection: close
Content-encoding: UTF-8
Host: localhost:8888
User-Agent: Apache-HttpClient/4.3.5 (java 1.5)
Accept-Encoding: gzip,deflate


HTTP/1.1 200 OK
Content-Type: text/html
Content-Length: 13

Hybrid Server
RESPONSE: 
HTTP/1.1 200 OK
Content-Type: text/html
Content-Length: 13

Hybrid Server

REQUEST: 
GET / HTTP/1.1
Connection: close
Content-encoding: UTF-8
Host: localhost:8888
User-Agent: Apache-HttpClient/4.3.5 (java 1.5)
Accept-Encoding: gzip,deflate


HTTP/1.1 200 OK
Content-Type: text/html
Content-Length: 13

Hybrid Server
RESPONSE: 
HTTP/1.1 200 OK
Content-Type: text/html
Content-Length: 13

Hybrid Server

REQUEST: 
GET / HTTP/1.1
Connection: close
Content-encoding: UTF-8
Host: localhost:8888
User-Agent: Apache-HttpClient/4.3.5 (java 1.5)
Accept-Encoding: gzip,deflate


HTTP/1.1 200 OK
Content-Type: text/html
Content-Length: 13

Hybrid Server
RESPONSE: 
HTTP/1.1 200 OK
Content-Type: text/html
Content-Length: 13

Hybrid Server

REQUEST: 
GET / HTTP/1.1
Connection: close
Content-encoding: UTF-8
Host: localhost:8888
User-Agent: Apache-HttpClient/4.3.5 (java 1.5)
Accept-Encoding: gzip,deflate


HTTP/1.1 200 OK
Content-Type: text/html
Content-Length: 13

Hybrid Server
RESPONSE: 
HTTP/1.1 200 OK
Content-Type: text/html
Content-Length: 13

Hybrid Server

REQUEST: 
POST /html HTTP/1.1
Connection: close
Content-encoding: UTF-8
Content-Length: 62
Content-Type: application/x-www-form-urlencoded; charset=ISO-8859-1
Host: localhost:8888
User-Agent: Apache-HttpClient/4.3.5 (java 1.5)
Accept-Encoding: gzip,deflate

xxx=<html><body>Testing POST</body></html>

HTTP/1.1 400 Bad Request
Content-Type: text/html
Content-Length: 99

<a href="html?uuid=1054578f-6c8f-4680-b977-63e7bd65ae7e">1054578f-6c8f-4680-b977-63e7bd65ae7e</a>

RESPONSE: 
HTTP/1.1 400 Bad Request
Content-Type: text/html
Content-Length: 99

<a href="html?uuid=1054578f-6c8f-4680-b977-63e7bd65ae7e">1054578f-6c8f-4680-b977-63e7bd65ae7e</a>


REQUEST: 
POST /html HTTP/1.1
Connection: close
Content-encoding: UTF-8
Content-Length: 63
Content-Type: application/x-www-form-urlencoded; charset=ISO-8859-1
Host: localhost:8888
User-Agent: Apache-HttpClient/4.3.5 (java 1.5)
Accept-Encoding: gzip,deflate

html=<html><body>Testing POST</body></html>

HTTP/1.1 200 OK
Content-Type: text/html
Content-Length: 99

<a href="html?uuid=f2431e9f-6a91-489c-aa2b-68d35abca879">f2431e9f-6a91-489c-aa2b-68d35abca879</a>

RESPONSE: 
HTTP/1.1 200 OK
Content-Type: text/html
Content-Length: 99

<a href="html?uuid=f2431e9f-6a91-489c-aa2b-68d35abca879">f2431e9f-6a91-489c-aa2b-68d35abca879</a>


REQUEST: 
GET /html?uuid=f2431e9f-6a91-489c-aa2b-68d35abca879 HTTP/1.1
Connection: close
Content-encoding: UTF-8
Host: localhost:8888
User-Agent: Apache-HttpClient/4.3.5 (java 1.5)
Accept-Encoding: gzip,deflate


HTTP/1.1 200 OK
Content-Type: text/html
Content-Length: 38

<html><body>Testing POST</body></html>
RESPONSE: 
HTTP/1.1 200 OK
Content-Type: text/html
Content-Length: 38

<html><body>Testing POST</body></html>

REQUEST: 
GET /xxx?uuid=[Ljava.lang.String;@53027bcc HTTP/1.1
Connection: close
Content-encoding: UTF-8
Host: localhost:8888
User-Agent: Apache-HttpClient/4.3.5 (java 1.5)
Accept-Encoding: gzip,deflate


HTTP/1.1 400 Bad Request
Content-Type: text/html


RESPONSE: 
HTTP/1.1 400 Bad Request
Content-Type: text/html



REQUEST: 
GET /html?uuid=12345678-abcd-1234-ab12-9876543210ab HTTP/1.1
Connection: close
Content-encoding: UTF-8
Host: localhost:8888
User-Agent: Apache-HttpClient/4.3.5 (java 1.5)
Accept-Encoding: gzip,deflate


HTTP/1.1 404 Not Found
Content-Type: text/html


RESPONSE: 
HTTP/1.1 404 Not Found
Content-Type: text/html



REQUEST: 
GET /html HTTP/1.1
Connection: close
Content-encoding: UTF-8
Host: localhost:8888
User-Agent: Apache-HttpClient/4.3.5 (java 1.5)
Accept-Encoding: gzip,deflate


HTTP/1.1 200 OK
Content-Type: text/html
Content-Length: 1048

<a href="html?uuid=79e01232-5ea4-41c8-9331-1c1880a1d3c2">79e01232-5ea4-41c8-9331-1c1880a1d3c2</a>
<a href="html?uuid=3aff2f9c-0c7f-4630-99ad-27a0cf1af137">3aff2f9c-0c7f-4630-99ad-27a0cf1af137</a>
<a href="html?uuid=f959ecb3-6382-4ae5-9325-8fcbc068e446">f959ecb3-6382-4ae5-9325-8fcbc068e446</a>
<a href="html?uuid=2471caa8-e8df-44d6-94f2-7752a74f6819">2471caa8-e8df-44d6-94f2-7752a74f6819</a>
<a href="html?uuid=1">1</a>
<a href="html?uuid=2">2</a>
<a href="html?uuid=6df1047e-cf19-4a83-8cf3-38f5e53f7725">6df1047e-cf19-4a83-8cf3-38f5e53f7725</a>
<a href="html?uuid=77ec1d68-84e1-40f4-be8e-066e02f4e373">77ec1d68-84e1-40f4-be8e-066e02f4e373</a>
<a href="html?uuid=a35b6c5e-22d6-4707-98b4-462482e26c9e">a35b6c5e-22d6-4707-98b4-462482e26c9e</a>
<a href="html?uuid=fa0979ca-2734-41f7-84c5-e40e0886e408">fa0979ca-2734-41f7-84c5-e40e0886e408</a>
<a href="html?uuid=c6c80c75-b335-4f68-b7a7-59434413ce6c">c6c80c75-b335-4f68-b7a7-59434413ce6c</a>
<a href="html?uuid=8f824126-0bd1-4074-b88e-c0b59d3e67a3">8f824126-0bd1-4074-b88e-c0b59d3e67a3</a>

RESPONSE: 
HTTP/1.1 200 OK
Content-Type: text/html
Content-Length: 1048

<a href="html?uuid=79e01232-5ea4-41c8-9331-1c1880a1d3c2">79e01232-5ea4-41c8-9331-1c1880a1d3c2</a>
<a href="html?uuid=3aff2f9c-0c7f-4630-99ad-27a0cf1af137">3aff2f9c-0c7f-4630-99ad-27a0cf1af137</a>
<a href="html?uuid=f959ecb3-6382-4ae5-9325-8fcbc068e446">f959ecb3-6382-4ae5-9325-8fcbc068e446</a>
<a href="html?uuid=2471caa8-e8df-44d6-94f2-7752a74f6819">2471caa8-e8df-44d6-94f2-7752a74f6819</a>
<a href="html?uuid=1">1</a>
<a href="html?uuid=2">2</a>
<a href="html?uuid=6df1047e-cf19-4a83-8cf3-38f5e53f7725">6df1047e-cf19-4a83-8cf3-38f5e53f7725</a>
<a href="html?uuid=77ec1d68-84e1-40f4-be8e-066e02f4e373">77ec1d68-84e1-40f4-be8e-066e02f4e373</a>
<a href="html?uuid=a35b6c5e-22d6-4707-98b4-462482e26c9e">a35b6c5e-22d6-4707-98b4-462482e26c9e</a>
<a href="html?uuid=fa0979ca-2734-41f7-84c5-e40e0886e408">fa0979ca-2734-41f7-84c5-e40e0886e408</a>
<a href="html?uuid=c6c80c75-b335-4f68-b7a7-59434413ce6c">c6c80c75-b335-4f68-b7a7-59434413ce6c</a>
<a href="html?uuid=8f824126-0bd1-4074-b88e-c0b59d3e67a3">8f824126-0bd1-4074-b88e-c0b59d3e67a3</a>


REQUEST: 
GET /html?uuid=6df1047e-cf19-4a83-8cf3-38f5e53f7725 HTTP/1.1
Connection: close
Content-encoding: UTF-8
Host: localhost:8888
User-Agent: Apache-HttpClient/4.3.5 (java 1.5)
Accept-Encoding: gzip,deflate


HTTP/1.1 200 OK
Content-Type: text/html
Content-Length: 59

This is the html page 6df1047e-cf19-4a83-8cf3-38f5e53f7725.
RESPONSE: 
HTTP/1.1 200 OK
Content-Type: text/html
Content-Length: 59

This is the html page 6df1047e-cf19-4a83-8cf3-38f5e53f7725.

REQUEST: 
GET /html?uuid=79e01232-5ea4-41c8-9331-1c1880a1d3c2 HTTP/1.1
Connection: close
Content-encoding: UTF-8
Host: localhost:8888
User-Agent: Apache-HttpClient/4.3.5 (java 1.5)
Accept-Encoding: gzip,deflate


HTTP/1.1 200 OK
Content-Type: text/html
Content-Length: 59

This is the html page 79e01232-5ea4-41c8-9331-1c1880a1d3c2.
RESPONSE: 
HTTP/1.1 200 OK
Content-Type: text/html
Content-Length: 59

This is the html page 79e01232-5ea4-41c8-9331-1c1880a1d3c2.

REQUEST: 
GET /html?uuid=a35b6c5e-22d6-4707-98b4-462482e26c9e HTTP/1.1
Connection: close
Content-encoding: UTF-8
Host: localhost:8888
User-Agent: Apache-HttpClient/4.3.5 (java 1.5)
Accept-Encoding: gzip,deflate


HTTP/1.1 200 OK
Content-Type: text/html
Content-Length: 59

This is the html page a35b6c5e-22d6-4707-98b4-462482e26c9e.
RESPONSE: 
HTTP/1.1 200 OK
Content-Type: text/html
Content-Length: 59

This is the html page a35b6c5e-22d6-4707-98b4-462482e26c9e.

REQUEST: 
GET /html?uuid=3aff2f9c-0c7f-4630-99ad-27a0cf1af137 HTTP/1.1
Connection: close
Content-encoding: UTF-8
Host: localhost:8888
User-Agent: Apache-HttpClient/4.3.5 (java 1.5)
Accept-Encoding: gzip,deflate


HTTP/1.1 200 OK
Content-Type: text/html
Content-Length: 59

This is the html page 3aff2f9c-0c7f-4630-99ad-27a0cf1af137.
RESPONSE: 
HTTP/1.1 200 OK
Content-Type: text/html
Content-Length: 59

This is the html page 3aff2f9c-0c7f-4630-99ad-27a0cf1af137.

REQUEST: 
GET /html?uuid=77ec1d68-84e1-40f4-be8e-066e02f4e373 HTTP/1.1
Connection: close
Content-encoding: UTF-8
Host: localhost:8888
User-Agent: Apache-HttpClient/4.3.5 (java 1.5)
Accept-Encoding: gzip,deflate


HTTP/1.1 200 OK
Content-Type: text/html
Content-Length: 59

This is the html page 77ec1d68-84e1-40f4-be8e-066e02f4e373.
RESPONSE: 
HTTP/1.1 200 OK
Content-Type: text/html
Content-Length: 59

This is the html page 77ec1d68-84e1-40f4-be8e-066e02f4e373.

REQUEST: 
GET /html?uuid=8f824126-0bd1-4074-b88e-c0b59d3e67a3 HTTP/1.1
Connection: close
Content-encoding: UTF-8
Host: localhost:8888
User-Agent: Apache-HttpClient/4.3.5 (java 1.5)
Accept-Encoding: gzip,deflate


HTTP/1.1 200 OK
Content-Type: text/html
Content-Length: 59

This is the html page 8f824126-0bd1-4074-b88e-c0b59d3e67a3.
RESPONSE: 
HTTP/1.1 200 OK
Content-Type: text/html
Content-Length: 59

This is the html page 8f824126-0bd1-4074-b88e-c0b59d3e67a3.

REQUEST: 
GET /html?uuid=c6c80c75-b335-4f68-b7a7-59434413ce6c HTTP/1.1
Connection: close
Content-encoding: UTF-8
Host: localhost:8888
User-Agent: Apache-HttpClient/4.3.5 (java 1.5)
Accept-Encoding: gzip,deflate


HTTP/1.1 200 OK
Content-Type: text/html
Content-Length: 59

This is the html page c6c80c75-b335-4f68-b7a7-59434413ce6c.
RESPONSE: 
HTTP/1.1 200 OK
Content-Type: text/html
Content-Length: 59

This is the html page c6c80c75-b335-4f68-b7a7-59434413ce6c.

REQUEST: 
GET /html?uuid=f959ecb3-6382-4ae5-9325-8fcbc068e446 HTTP/1.1
Connection: close
Content-encoding: UTF-8
Host: localhost:8888
User-Agent: Apache-HttpClient/4.3.5 (java 1.5)
Accept-Encoding: gzip,deflate


HTTP/1.1 200 OK
Content-Type: text/html
Content-Length: 59

This is the html page f959ecb3-6382-4ae5-9325-8fcbc068e446.
RESPONSE: 
HTTP/1.1 200 OK
Content-Type: text/html
Content-Length: 59

This is the html page f959ecb3-6382-4ae5-9325-8fcbc068e446.

REQUEST: 
GET /html?uuid=2471caa8-e8df-44d6-94f2-7752a74f6819 HTTP/1.1
Connection: close
Content-encoding: UTF-8
Host: localhost:8888
User-Agent: Apache-HttpClient/4.3.5 (java 1.5)
Accept-Encoding: gzip,deflate


HTTP/1.1 200 OK
Content-Type: text/html
Content-Length: 59

This is the html page 2471caa8-e8df-44d6-94f2-7752a74f6819.
RESPONSE: 
HTTP/1.1 200 OK
Content-Type: text/html
Content-Length: 59

This is the html page 2471caa8-e8df-44d6-94f2-7752a74f6819.

REQUEST: 
GET /html?uuid=fa0979ca-2734-41f7-84c5-e40e0886e408 HTTP/1.1
Connection: close
Content-encoding: UTF-8
Host: localhost:8888
User-Agent: Apache-HttpClient/4.3.5 (java 1.5)
Accept-Encoding: gzip,deflate


HTTP/1.1 200 OK
Content-Type: text/html
Content-Length: 59

This is the html page fa0979ca-2734-41f7-84c5-e40e0886e408.
RESPONSE: 
HTTP/1.1 200 OK
Content-Type: text/html
Content-Length: 59

This is the html page fa0979ca-2734-41f7-84c5-e40e0886e408.

REQUEST: 
DELETE /html?uuid=77ec1d68-84e1-40f4-be8e-066e02f4e373 HTTP/1.1
Connection: close
Content-encoding: UTF-8
Host: localhost:8888
User-Agent: Apache-HttpClient/4.3.5 (java 1.5)
Accept-Encoding: gzip,deflate


HTTP/1.1 200 OK
Content-Type: text/html


RESPONSE: 
HTTP/1.1 200 OK
Content-Type: text/html



REQUEST: 
GET /html?uuid=77ec1d68-84e1-40f4-be8e-066e02f4e373 HTTP/1.1
Connection: close
Content-encoding: UTF-8
Host: localhost:8888
User-Agent: Apache-HttpClient/4.3.5 (java 1.5)
Accept-Encoding: gzip,deflate


HTTP/1.1 404 Not Found
Content-Type: text/html


RESPONSE: 
HTTP/1.1 404 Not Found
Content-Type: text/html



REQUEST: 
DELETE /html?uuid=12345678-abcd-1234-ab12-9876543210ab HTTP/1.1
Connection: close
Content-encoding: UTF-8
Host: localhost:8888
User-Agent: Apache-HttpClient/4.3.5 (java 1.5)
Accept-Encoding: gzip,deflate


HTTP/1.1 404 Not Found
Content-Type: text/html


RESPONSE: 
HTTP/1.1 404 Not Found
Content-Type: text/html



REQUEST: 
GET / HTTP/1.1
Connection: close
Content-encoding: UTF-8
Host: localhost:1234
User-Agent: Apache-HttpClient/4.3.5 (java 1.5)
Accept-Encoding: gzip,deflate


HTTP/1.1 200 OK
Content-Type: text/html
Content-Length: 13

Hybrid Server
RESPONSE: 
HTTP/1.1 200 OK
Content-Type: text/html
Content-Length: 13

Hybrid Server

REQUEST: 
GET / HTTP/1.1
Connection: close
Content-encoding: UTF-8
Host: localhost:1234
User-Agent: Apache-HttpClient/4.3.5 (java 1.5)
Accept-Encoding: gzip,deflate


HTTP/1.1 200 OK
Content-Type: text/html
Content-Length: 13

Hybrid Server
RESPONSE: 
HTTP/1.1 200 OK
Content-Type: text/html
Content-Length: 13

Hybrid Server

REQUEST: 
GET / HTTP/1.1
Connection: close
Content-encoding: UTF-8
Host: localhost:1234
User-Agent: Apache-HttpClient/4.3.5 (java 1.5)
Accept-Encoding: gzip,deflate


HTTP/1.1 200 OK
Content-Type: text/html
Content-Length: 13

Hybrid Server
RESPONSE: 
HTTP/1.1 200 OK
Content-Type: text/html
Content-Length: 13

Hybrid Server

REQUEST: 
GET / HTTP/1.1
Connection: close
Content-encoding: UTF-8
Host: localhost:1234
User-Agent: Apache-HttpClient/4.3.5 (java 1.5)
Accept-Encoding: gzip,deflate


HTTP/1.1 200 OK
Content-Type: text/html
Content-Length: 13

Hybrid Server
RESPONSE: 
HTTP/1.1 200 OK
Content-Type: text/html
Content-Length: 13

Hybrid Server

REQUEST: 
GET / HTTP/1.1
Connection: close
Content-encoding: UTF-8
Host: localhost:1234
User-Agent: Apache-HttpClient/4.3.5 (java 1.5)
Accept-Encoding: gzip,deflate


HTTP/1.1 200 OK
Content-Type: text/html
Content-Length: 13

Hybrid Server
RESPONSE: 
HTTP/1.1 200 OK
Content-Type: text/html
Content-Length: 13

Hybrid Server

REQUEST: 
GET / HTTP/1.1
Connection: close
Content-encoding: UTF-8
Host: localhost:1234
User-Agent: Apache-HttpClient/4.3.5 (java 1.5)
Accept-Encoding: gzip,deflate


HTTP/1.1 200 OK
Content-Type: text/html
Content-Length: 13

Hybrid Server
RESPONSE: 
HTTP/1.1 200 OK
Content-Type: text/html
Content-Length: 13

Hybrid Server

REQUEST: 
GET / HTTP/1.1
Connection: close
Content-encoding: UTF-8
Host: localhost:1234
User-Agent: Apache-HttpClient/4.3.5 (java 1.5)
Accept-Encoding: gzip,deflate


HTTP/1.1 200 OK
Content-Type: text/html
Content-Length: 13

Hybrid Server
RESPONSE: 
HTTP/1.1 200 OK
Content-Type: text/html
Content-Length: 13

Hybrid Server

REQUEST: 
GET / HTTP/1.1
Connection: close
Content-encoding: UTF-8
Host: localhost:1234
User-Agent: Apache-HttpClient/4.3.5 (java 1.5)
Accept-Encoding: gzip,deflate


HTTP/1.1 200 OK
Content-Type: text/html
Content-Length: 13

Hybrid Server
RESPONSE: 
HTTP/1.1 200 OK
Content-Type: text/html
Content-Length: 13

Hybrid Server

REQUEST: 
GET / HTTP/1.1
Connection: close
Content-encoding: UTF-8
Host: localhost:1234
User-Agent: Apache-HttpClient/4.3.5 (java 1.5)
Accept-Encoding: gzip,deflate


HTTP/1.1 200 OK
Content-Type: text/html
Content-Length: 13

Hybrid Server
RESPONSE: 
HTTP/1.1 200 OK
Content-Type: text/html
Content-Length: 13

Hybrid Server

REQUEST: 
GET / HTTP/1.1
Connection: close
Content-encoding: UTF-8
Host: localhost:1234
User-Agent: Apache-HttpClient/4.3.5 (java 1.5)
Accept-Encoding: gzip,deflate


HTTP/1.1 200 OK
Content-Type: text/html
Content-Length: 13

Hybrid Server
RESPONSE: 
HTTP/1.1 200 OK
Content-Type: text/html
Content-Length: 13

Hybrid Server

REQUEST: 
GET / HTTP/1.1
Connection: close
Content-encoding: UTF-8
Host: localhost:1234
User-Agent: Apache-HttpClient/4.3.5 (java 1.5)
Accept-Encoding: gzip,deflate


HTTP/1.1 200 OK
Content-Type: text/html
Content-Length: 13

Hybrid Server
RESPONSE: 
HTTP/1.1 200 OK
Content-Type: text/html
Content-Length: 13

Hybrid Server

REQUEST: 
GET / HTTP/1.1
Connection: close
Content-encoding: UTF-8
Host: localhost:4242
User-Agent: Apache-HttpClient/4.3.5 (java 1.5)
Accept-Encoding: gzip,deflate


HTTP/1.1 200 OK
Content-Type: text/html
Content-Length: 13

Hybrid Server
RESPONSE: 
HTTP/1.1 200 OK
Content-Type: text/html
Content-Length: 13

Hybrid Server

REQUEST: 
GET / HTTP/1.1
Connection: close
Content-encoding: UTF-8
Host: localhost:4242
User-Agent: Apache-HttpClient/4.3.5 (java 1.5)
Accept-Encoding: gzip,deflate


HTTP/1.1 200 OK
Content-Type: text/html
Content-Length: 13

Hybrid Server
RESPONSE: 
HTTP/1.1 200 OK
Content-Type: text/html
Content-Length: 13

Hybrid Server

REQUEST: 
GET / HTTP/1.1
Connection: close
Content-encoding: UTF-8
Host: localhost:4242
User-Agent: Apache-HttpClient/4.3.5 (java 1.5)
Accept-Encoding: gzip,deflate


HTTP/1.1 200 OK
Content-Type: text/html
Content-Length: 13

Hybrid Server
RESPONSE: 
HTTP/1.1 200 OK
Content-Type: text/html
Content-Length: 13

Hybrid Server

REQUEST: 
GET / HTTP/1.1
Connection: close
Content-encoding: UTF-8
Host: localhost:4242
User-Agent: Apache-HttpClient/4.3.5 (java 1.5)
Accept-Encoding: gzip,deflate


HTTP/1.1 200 OK
Content-Type: text/html
Content-Length: 13

Hybrid Server
RESPONSE: 
HTTP/1.1 200 OK
Content-Type: text/html
Content-Length: 13

Hybrid Server

REQUEST: 
GET / HTTP/1.1
Connection: close
Content-encoding: UTF-8
Host: localhost:4242
User-Agent: Apache-HttpClient/4.3.5 (java 1.5)
Accept-Encoding: gzip,deflate


HTTP/1.1 200 OK
Content-Type: text/html
Content-Length: 13

Hybrid Server
RESPONSE: 
HTTP/1.1 200 OK
Content-Type: text/html
Content-Length: 13

Hybrid Server

REQUEST: 
GET / HTTP/1.1
Connection: close
Content-encoding: UTF-8
Host: localhost:4242
User-Agent: Apache-HttpClient/4.3.5 (java 1.5)
Accept-Encoding: gzip,deflate


HTTP/1.1 200 OK
Content-Type: text/html
Content-Length: 13

Hybrid Server
RESPONSE: 
HTTP/1.1 200 OK
Content-Type: text/html
Content-Length: 13

Hybrid Server

REQUEST: 
GET / HTTP/1.1
Connection: close
Content-encoding: UTF-8
Host: localhost:4242
User-Agent: Apache-HttpClient/4.3.5 (java 1.5)
Accept-Encoding: gzip,deflate


HTTP/1.1 200 OK
Content-Type: text/html
Content-Length: 13

Hybrid Server
RESPONSE: 
HTTP/1.1 200 OK
Content-Type: text/html
Content-Length: 13

Hybrid Server

REQUEST: 
GET / HTTP/1.1
Connection: close
Content-encoding: UTF-8
Host: localhost:4242
User-Agent: Apache-HttpClient/4.3.5 (java 1.5)
Accept-Encoding: gzip,deflate


HTTP/1.1 200 OK
Content-Type: text/html
Content-Length: 13

Hybrid Server
RESPONSE: 
HTTP/1.1 200 OK
Content-Type: text/html
Content-Length: 13

Hybrid Server

REQUEST: 
GET / HTTP/1.1
Connection: close
Content-encoding: UTF-8
Host: localhost:4242
User-Agent: Apache-HttpClient/4.3.5 (java 1.5)
Accept-Encoding: gzip,deflate


HTTP/1.1 200 OK
Content-Type: text/html
Content-Length: 13

Hybrid Server
RESPONSE: 
HTTP/1.1 200 OK
Content-Type: text/html
Content-Length: 13

Hybrid Server

REQUEST: 
GET / HTTP/1.1
Connection: close
Content-encoding: UTF-8
Host: localhost:4242
User-Agent: Apache-HttpClient/4.3.5 (java 1.5)
Accept-Encoding: gzip,deflate


HTTP/1.1 200 OK
Content-Type: text/html
Content-Length: 13

Hybrid Server
RESPONSE: 
HTTP/1.1 200 OK
Content-Type: text/html
Content-Length: 13

Hybrid Server

REQUEST: 
GET / HTTP/1.1
Connection: close
Content-encoding: UTF-8
Host: localhost:4242
User-Agent: Apache-HttpClient/4.3.5 (java 1.5)
Accept-Encoding: gzip,deflate


HTTP/1.1 200 OK
Content-Type: text/html
Content-Length: 13

Hybrid Server
RESPONSE: 
HTTP/1.1 200 OK
Content-Type: text/html
Content-Length: 13

Hybrid Server

REQUEST: 
GET / HTTP/1.1
Connection: close
Content-encoding: UTF-8
Host: localhost:7315
User-Agent: Apache-HttpClient/4.3.5 (java 1.5)
Accept-Encoding: gzip,deflate


HTTP/1.1 200 OK
Content-Type: text/html
Content-Length: 13

Hybrid Server
RESPONSE: 
HTTP/1.1 200 OK
Content-Type: text/html
Content-Length: 13

Hybrid Server

REQUEST: 
GET / HTTP/1.1
Connection: close
Content-encoding: UTF-8
Host: localhost:7315
User-Agent: Apache-HttpClient/4.3.5 (java 1.5)
Accept-Encoding: gzip,deflate


HTTP/1.1 200 OK
Content-Type: text/html
Content-Length: 13

Hybrid Server
RESPONSE: 
HTTP/1.1 200 OK
Content-Type: text/html
Content-Length: 13

Hybrid Server

REQUEST: 
GET / HTTP/1.1
Connection: close
Content-encoding: UTF-8
Host: localhost:7315
User-Agent: Apache-HttpClient/4.3.5 (java 1.5)
Accept-Encoding: gzip,deflate


HTTP/1.1 200 OK
Content-Type: text/html
Content-Length: 13

Hybrid Server
RESPONSE: 
HTTP/1.1 200 OK
Content-Type: text/html
Content-Length: 13

Hybrid Server

REQUEST: 
GET / HTTP/1.1
Connection: close
Content-encoding: UTF-8
Host: localhost:7315
User-Agent: Apache-HttpClient/4.3.5 (java 1.5)
Accept-Encoding: gzip,deflate


HTTP/1.1 200 OK
Content-Type: text/html
Content-Length: 13

Hybrid Server
RESPONSE: 
HTTP/1.1 200 OK
Content-Type: text/html
Content-Length: 13

Hybrid Server

REQUEST: 
GET / HTTP/1.1
Connection: close
Content-encoding: UTF-8
Host: localhost:7315
User-Agent: Apache-HttpClient/4.3.5 (java 1.5)
Accept-Encoding: gzip,deflate


HTTP/1.1 200 OK
Content-Type: text/html
Content-Length: 13

Hybrid Server
RESPONSE: 
HTTP/1.1 200 OK
Content-Type: text/html
Content-Length: 13

Hybrid Server

REQUEST: 
GET / HTTP/1.1
Connection: close
Content-encoding: UTF-8
Host: localhost:7315
User-Agent: Apache-HttpClient/4.3.5 (java 1.5)
Accept-Encoding: gzip,deflate


HTTP/1.1 200 OK
Content-Type: text/html
Content-Length: 13

Hybrid Server
RESPONSE: 
HTTP/1.1 200 OK
Content-Type: text/html
Content-Length: 13

Hybrid Server

REQUEST: 
GET / HTTP/1.1
Connection: close
Content-encoding: UTF-8
Host: localhost:7315
User-Agent: Apache-HttpClient/4.3.5 (java 1.5)
Accept-Encoding: gzip,deflate


HTTP/1.1 200 OK
Content-Type: text/html
Content-Length: 13

Hybrid Server
RESPONSE: 
HTTP/1.1 200 OK
Content-Type: text/html
Content-Length: 13

Hybrid Server

REQUEST: 
GET / HTTP/1.1
Connection: close
Content-encoding: UTF-8
Host: localhost:7315
User-Agent: Apache-HttpClient/4.3.5 (java 1.5)
Accept-Encoding: gzip,deflate


HTTP/1.1 200 OK
Content-Type: text/html
Content-Length: 13

Hybrid Server
RESPONSE: 
HTTP/1.1 200 OK
Content-Type: text/html
Content-Length: 13

Hybrid Server

REQUEST: 
GET / HTTP/1.1
Connection: close
Content-encoding: UTF-8
Host: localhost:7315
User-Agent: Apache-HttpClient/4.3.5 (java 1.5)
Accept-Encoding: gzip,deflate


HTTP/1.1 200 OK
Content-Type: text/html
Content-Length: 13

Hybrid Server
RESPONSE: 
HTTP/1.1 200 OK
Content-Type: text/html
Content-Length: 13

Hybrid Server

REQUEST: 
GET / HTTP/1.1
Connection: close
Content-encoding: UTF-8
Host: localhost:7315
User-Agent: Apache-HttpClient/4.3.5 (java 1.5)
Accept-Encoding: gzip,deflate


HTTP/1.1 200 OK
Content-Type: text/html
Content-Length: 13

Hybrid Server
RESPONSE: 
HTTP/1.1 200 OK
Content-Type: text/html
Content-Length: 13

Hybrid Server

REQUEST: 
GET / HTTP/1.1
Connection: close
Content-encoding: UTF-8
Host: localhost:7315
User-Agent: Apache-HttpClient/4.3.5 (java 1.5)
Accept-Encoding: gzip,deflate


HTTP/1.1 200 OK
Content-Type: text/html
Content-Length: 13

Hybrid Server
RESPONSE: 
HTTP/1.1 200 OK
Content-Type: text/html
Content-Length: 13

Hybrid Server

REQUEST: 
GET / HTTP/1.1
Connection: close
Content-encoding: UTF-8
Host: localhost:8833
User-Agent: Apache-HttpClient/4.3.5 (java 1.5)
Accept-Encoding: gzip,deflate


HTTP/1.1 200 OK
Content-Type: text/html
Content-Length: 13

Hybrid Server
RESPONSE: 
HTTP/1.1 200 OK
Content-Type: text/html
Content-Length: 13

Hybrid Server

REQUEST: 
GET / HTTP/1.1
Connection: close
Content-encoding: UTF-8
Host: localhost:8833
User-Agent: Apache-HttpClient/4.3.5 (java 1.5)
Accept-Encoding: gzip,deflate


HTTP/1.1 200 OK
Content-Type: text/html
Content-Length: 13

Hybrid Server
RESPONSE: 
HTTP/1.1 200 OK
Content-Type: text/html
Content-Length: 13

Hybrid Server

REQUEST: 
GET / HTTP/1.1
Connection: close
Content-encoding: UTF-8
Host: localhost:8833
User-Agent: Apache-HttpClient/4.3.5 (java 1.5)
Accept-Encoding: gzip,deflate


HTTP/1.1 200 OK
Content-Type: text/html
Content-Length: 13

Hybrid Server
RESPONSE: 
HTTP/1.1 200 OK
Content-Type: text/html
Content-Length: 13

Hybrid Server

REQUEST: 
GET / HTTP/1.1
Connection: close
Content-encoding: UTF-8
Host: localhost:8833
User-Agent: Apache-HttpClient/4.3.5 (java 1.5)
Accept-Encoding: gzip,deflate


HTTP/1.1 200 OK
Content-Type: text/html
Content-Length: 13

Hybrid Server
RESPONSE: 
HTTP/1.1 200 OK
Content-Type: text/html
Content-Length: 13

Hybrid Server

REQUEST: 
GET / HTTP/1.1
Connection: close
Content-encoding: UTF-8
Host: localhost:8833
User-Agent: Apache-HttpClient/4.3.5 (java 1.5)
Accept-Encoding: gzip,deflate


HTTP/1.1 200 OK
Content-Type: text/html
Content-Length: 13

Hybrid Server
RESPONSE: 
HTTP/1.1 200 OK
Content-Type: text/html
Content-Length: 13

Hybrid Server

REQUEST: 
GET / HTTP/1.1
Connection: close
Content-encoding: UTF-8
Host: localhost:8833
User-Agent: Apache-HttpClient/4.3.5 (java 1.5)
Accept-Encoding: gzip,deflate


HTTP/1.1 200 OK
Content-Type: text/html
Content-Length: 13

Hybrid Server
RESPONSE: 
HTTP/1.1 200 OK
Content-Type: text/html
Content-Length: 13

Hybrid Server

REQUEST: 
GET / HTTP/1.1
Connection: close
Content-encoding: UTF-8
Host: localhost:8833
User-Agent: Apache-HttpClient/4.3.5 (java 1.5)
Accept-Encoding: gzip,deflate


HTTP/1.1 200 OK
Content-Type: text/html
Content-Length: 13

Hybrid Server
RESPONSE: 
HTTP/1.1 200 OK
Content-Type: text/html
Content-Length: 13

Hybrid Server

REQUEST: 
GET / HTTP/1.1
Connection: close
Content-encoding: UTF-8
Host: localhost:8833
User-Agent: Apache-HttpClient/4.3.5 (java 1.5)
Accept-Encoding: gzip,deflate


HTTP/1.1 200 OK
Content-Type: text/html
Content-Length: 13

Hybrid Server
RESPONSE: 
HTTP/1.1 200 OK
Content-Type: text/html
Content-Length: 13

Hybrid Server

REQUEST: 
GET / HTTP/1.1
Connection: close
Content-encoding: UTF-8
Host: localhost:8833
User-Agent: Apache-HttpClient/4.3.5 (java 1.5)
Accept-Encoding: gzip,deflate


HTTP/1.1 200 OK
Content-Type: text/html
Content-Length: 13

Hybrid Server
RESPONSE: 
HTTP/1.1 200 OK
Content-Type: text/html
Content-Length: 13

Hybrid Server

REQUEST: 
GET / HTTP/1.1
Connection: close
Content-encoding: UTF-8
Host: localhost:8833
User-Agent: Apache-HttpClient/4.3.5 (java 1.5)
Accept-Encoding: gzip,deflate


HTTP/1.1 200 OK
Content-Type: text/html
Content-Length: 13

Hybrid Server
RESPONSE: 
HTTP/1.1 200 OK
Content-Type: text/html
Content-Length: 13

Hybrid Server

REQUEST: 
GET / HTTP/1.1
Connection: close
Content-encoding: UTF-8
Host: localhost:8833
User-Agent: Apache-HttpClient/4.3.5 (java 1.5)
Accept-Encoding: gzip,deflate


HTTP/1.1 200 OK
Content-Type: text/html
Content-Length: 13

Hybrid Server
RESPONSE: 
HTTP/1.1 200 OK
Content-Type: text/html
Content-Length: 13

Hybrid Server

REQUEST: 
GET / HTTP/1.1
Connection: close
Content-encoding: UTF-8
Host: localhost:10201
User-Agent: Apache-HttpClient/4.3.5 (java 1.5)
Accept-Encoding: gzip,deflate


HTTP/1.1 200 OK
Content-Type: text/html
Content-Length: 13

Hybrid Server
RESPONSE: 
HTTP/1.1 200 OK
Content-Type: text/html
Content-Length: 13

Hybrid Server

REQUEST: 
GET / HTTP/1.1
Connection: close
Content-encoding: UTF-8
Host: localhost:10201
User-Agent: Apache-HttpClient/4.3.5 (java 1.5)
Accept-Encoding: gzip,deflate


HTTP/1.1 200 OK
Content-Type: text/html
Content-Length: 13

Hybrid Server
RESPONSE: 
HTTP/1.1 200 OK
Content-Type: text/html
Content-Length: 13

Hybrid Server

REQUEST: 
GET / HTTP/1.1
Connection: close
Content-encoding: UTF-8
Host: localhost:10201
User-Agent: Apache-HttpClient/4.3.5 (java 1.5)
Accept-Encoding: gzip,deflate


HTTP/1.1 200 OK
Content-Type: text/html
Content-Length: 13

Hybrid Server
RESPONSE: 
HTTP/1.1 200 OK
Content-Type: text/html
Content-Length: 13

Hybrid Server

REQUEST: 
GET / HTTP/1.1
Connection: close
Content-encoding: UTF-8
Host: localhost:10201
User-Agent: Apache-HttpClient/4.3.5 (java 1.5)
Accept-Encoding: gzip,deflate


HTTP/1.1 200 OK
Content-Type: text/html
Content-Length: 13

Hybrid Server
RESPONSE: 
HTTP/1.1 200 OK
Content-Type: text/html
Content-Length: 13

Hybrid Server

REQUEST: 
GET / HTTP/1.1
Connection: close
Content-encoding: UTF-8
Host: localhost:10201
User-Agent: Apache-HttpClient/4.3.5 (java 1.5)
Accept-Encoding: gzip,deflate


HTTP/1.1 200 OK
Content-Type: text/html
Content-Length: 13

Hybrid Server
RESPONSE: 
HTTP/1.1 200 OK
Content-Type: text/html
Content-Length: 13

Hybrid Server

REQUEST: 
GET / HTTP/1.1
Connection: close
Content-encoding: UTF-8
Host: localhost:10201
User-Agent: Apache-HttpClient/4.3.5 (java 1.5)
Accept-Encoding: gzip,deflate


HTTP/1.1 200 OK
Content-Type: text/html
Content-Length: 13

Hybrid Server
RESPONSE: 
HTTP/1.1 200 OK
Content-Type: text/html
Content-Length: 13

Hybrid Server

REQUEST: 
GET / HTTP/1.1
Connection: close
Content-encoding: UTF-8
Host: localhost:10201
User-Agent: Apache-HttpClient/4.3.5 (java 1.5)
Accept-Encoding: gzip,deflate


HTTP/1.1 200 OK
Content-Type: text/html
Content-Length: 13

Hybrid Server
RESPONSE: 
HTTP/1.1 200 OK
Content-Type: text/html
Content-Length: 13

Hybrid Server

REQUEST: 
GET / HTTP/1.1
Connection: close
Content-encoding: UTF-8
Host: localhost:10201
User-Agent: Apache-HttpClient/4.3.5 (java 1.5)
Accept-Encoding: gzip,deflate


HTTP/1.1 200 OK
Content-Type: text/html
Content-Length: 13

Hybrid Server
RESPONSE: 
HTTP/1.1 200 OK
Content-Type: text/html
Content-Length: 13

Hybrid Server

REQUEST: 
GET / HTTP/1.1
Connection: close
Content-encoding: UTF-8
Host: localhost:10201
User-Agent: Apache-HttpClient/4.3.5 (java 1.5)
Accept-Encoding: gzip,deflate


HTTP/1.1 200 OK
Content-Type: text/html
Content-Length: 13

Hybrid Server
RESPONSE: 
HTTP/1.1 200 OK
Content-Type: text/html
Content-Length: 13

Hybrid Server

REQUEST: 
GET / HTTP/1.1
Connection: close
Content-encoding: UTF-8
Host: localhost:10201
User-Agent: Apache-HttpClient/4.3.5 (java 1.5)
Accept-Encoding: gzip,deflate


HTTP/1.1 200 OK
Content-Type: text/html
Content-Length: 13

Hybrid Server
RESPONSE: 
HTTP/1.1 200 OK
Content-Type: text/html
Content-Length: 13

Hybrid Server

REQUEST: 
GET / HTTP/1.1
Connection: close
Content-encoding: UTF-8
Host: localhost:10201
User-Agent: Apache-HttpClient/4.3.5 (java 1.5)
Accept-Encoding: gzip,deflate


HTTP/1.1 200 OK
Content-Type: text/html
Content-Length: 13

Hybrid Server
RESPONSE: 
HTTP/1.1 200 OK
Content-Type: text/html
Content-Length: 13

Hybrid Server

REQUEST: 
GET / HTTP/1.1
Connection: close
Content-encoding: UTF-8
Host: localhost:21386
User-Agent: Apache-HttpClient/4.3.5 (java 1.5)
Accept-Encoding: gzip,deflate


HTTP/1.1 200 OK
Content-Type: text/html
Content-Length: 13

Hybrid Server
RESPONSE: 
HTTP/1.1 200 OK
Content-Type: text/html
Content-Length: 13

Hybrid Server

REQUEST: 
GET / HTTP/1.1
Connection: close
Content-encoding: UTF-8
Host: localhost:21386
User-Agent: Apache-HttpClient/4.3.5 (java 1.5)
Accept-Encoding: gzip,deflate


HTTP/1.1 200 OK
Content-Type: text/html
Content-Length: 13

Hybrid Server
RESPONSE: 
HTTP/1.1 200 OK
Content-Type: text/html
Content-Length: 13

Hybrid Server

REQUEST: 
GET / HTTP/1.1
Connection: close
Content-encoding: UTF-8
Host: localhost:21386
User-Agent: Apache-HttpClient/4.3.5 (java 1.5)
Accept-Encoding: gzip,deflate


HTTP/1.1 200 OK
Content-Type: text/html
Content-Length: 13

Hybrid Server
RESPONSE: 
HTTP/1.1 200 OK
Content-Type: text/html
Content-Length: 13

Hybrid Server

REQUEST: 
GET / HTTP/1.1
Connection: close
Content-encoding: UTF-8
Host: localhost:21386
User-Agent: Apache-HttpClient/4.3.5 (java 1.5)
Accept-Encoding: gzip,deflate


HTTP/1.1 200 OK
Content-Type: text/html
Content-Length: 13

Hybrid Server
RESPONSE: 
HTTP/1.1 200 OK
Content-Type: text/html
Content-Length: 13

Hybrid Server

REQUEST: 
GET / HTTP/1.1
Connection: close
Content-encoding: UTF-8
Host: localhost:21386
User-Agent: Apache-HttpClient/4.3.5 (java 1.5)
Accept-Encoding: gzip,deflate


HTTP/1.1 200 OK
Content-Type: text/html
Content-Length: 13

Hybrid Server
RESPONSE: 
HTTP/1.1 200 OK
Content-Type: text/html
Content-Length: 13

Hybrid Server

REQUEST: 
GET / HTTP/1.1
Connection: close
Content-encoding: UTF-8
Host: localhost:21386
User-Agent: Apache-HttpClient/4.3.5 (java 1.5)
Accept-Encoding: gzip,deflate


HTTP/1.1 200 OK
Content-Type: text/html
Content-Length: 13

Hybrid Server
RESPONSE: 
HTTP/1.1 200 OK
Content-Type: text/html
Content-Length: 13

Hybrid Server

REQUEST: 
GET / HTTP/1.1
Connection: close
Content-encoding: UTF-8
Host: localhost:21386
User-Agent: Apache-HttpClient/4.3.5 (java 1.5)
Accept-Encoding: gzip,deflate


HTTP/1.1 200 OK
Content-Type: text/html
Content-Length: 13

Hybrid Server
RESPONSE: 
HTTP/1.1 200 OK
Content-Type: text/html
Content-Length: 13

Hybrid Server

REQUEST: 
GET / HTTP/1.1
Connection: close
Content-encoding: UTF-8
Host: localhost:21386
User-Agent: Apache-HttpClient/4.3.5 (java 1.5)
Accept-Encoding: gzip,deflate


HTTP/1.1 200 OK
Content-Type: text/html
Content-Length: 13

Hybrid Server
RESPONSE: 
HTTP/1.1 200 OK
Content-Type: text/html
Content-Length: 13

Hybrid Server

REQUEST: 
GET / HTTP/1.1
Connection: close
Content-encoding: UTF-8
Host: localhost:21386
User-Agent: Apache-HttpClient/4.3.5 (java 1.5)
Accept-Encoding: gzip,deflate


HTTP/1.1 200 OK
Content-Type: text/html
Content-Length: 13

Hybrid Server
RESPONSE: 
HTTP/1.1 200 OK
Content-Type: text/html
Content-Length: 13

Hybrid Server

REQUEST: 
GET / HTTP/1.1
Connection: close
Content-encoding: UTF-8
Host: localhost:21386
User-Agent: Apache-HttpClient/4.3.5 (java 1.5)
Accept-Encoding: gzip,deflate


HTTP/1.1 200 OK
Content-Type: text/html
Content-Length: 13

Hybrid Server
RESPONSE: 
HTTP/1.1 200 OK
Content-Type: text/html
Content-Length: 13

Hybrid Server

REQUEST: 
GET / HTTP/1.1
Connection: close
Content-encoding: UTF-8
Host: localhost:21386
User-Agent: Apache-HttpClient/4.3.5 (java 1.5)
Accept-Encoding: gzip,deflate


HTTP/1.1 200 OK
Content-Type: text/html
Content-Length: 13

Hybrid Server
RESPONSE: 
HTTP/1.1 200 OK
Content-Type: text/html
Content-Length: 13

Hybrid Server

REQUEST: 
GET / HTTP/1.1
Connection: close
Content-encoding: UTF-8
Host: localhost:33217
User-Agent: Apache-HttpClient/4.3.5 (java 1.5)
Accept-Encoding: gzip,deflate


HTTP/1.1 200 OK
Content-Type: text/html
Content-Length: 13

Hybrid Server
RESPONSE: 
HTTP/1.1 200 OK
Content-Type: text/html
Content-Length: 13

Hybrid Server

REQUEST: 
GET / HTTP/1.1
Connection: close
Content-encoding: UTF-8
Host: localhost:33217
User-Agent: Apache-HttpClient/4.3.5 (java 1.5)
Accept-Encoding: gzip,deflate


HTTP/1.1 200 OK
Content-Type: text/html
Content-Length: 13

Hybrid Server
RESPONSE: 
HTTP/1.1 200 OK
Content-Type: text/html
Content-Length: 13

Hybrid Server

REQUEST: 
GET / HTTP/1.1
Connection: close
Content-encoding: UTF-8
Host: localhost:33217
User-Agent: Apache-HttpClient/4.3.5 (java 1.5)
Accept-Encoding: gzip,deflate


HTTP/1.1 200 OK
Content-Type: text/html
Content-Length: 13

Hybrid Server
RESPONSE: 
HTTP/1.1 200 OK
Content-Type: text/html
Content-Length: 13

Hybrid Server

REQUEST: 
GET / HTTP/1.1
Connection: close
Content-encoding: UTF-8
Host: localhost:33217
User-Agent: Apache-HttpClient/4.3.5 (java 1.5)
Accept-Encoding: gzip,deflate


HTTP/1.1 200 OK
Content-Type: text/html
Content-Length: 13

Hybrid Server
RESPONSE: 
HTTP/1.1 200 OK
Content-Type: text/html
Content-Length: 13

Hybrid Server

REQUEST: 
GET / HTTP/1.1
Connection: close
Content-encoding: UTF-8
Host: localhost:33217
User-Agent: Apache-HttpClient/4.3.5 (java 1.5)
Accept-Encoding: gzip,deflate


HTTP/1.1 200 OK
Content-Type: text/html
Content-Length: 13

Hybrid Server
RESPONSE: 
HTTP/1.1 200 OK
Content-Type: text/html
Content-Length: 13

Hybrid Server

REQUEST: 
GET / HTTP/1.1
Connection: close
Content-encoding: UTF-8
Host: localhost:33217
User-Agent: Apache-HttpClient/4.3.5 (java 1.5)
Accept-Encoding: gzip,deflate


HTTP/1.1 200 OK
Content-Type: text/html
Content-Length: 13

Hybrid Server
RESPONSE: 
HTTP/1.1 200 OK
Content-Type: text/html
Content-Length: 13

Hybrid Server

REQUEST: 
GET / HTTP/1.1
Connection: close
Content-encoding: UTF-8
Host: localhost:33217
User-Agent: Apache-HttpClient/4.3.5 (java 1.5)
Accept-Encoding: gzip,deflate


HTTP/1.1 200 OK
Content-Type: text/html
Content-Length: 13

Hybrid Server
RESPONSE: 
HTTP/1.1 200 OK
Content-Type: text/html
Content-Length: 13

Hybrid Server

REQUEST: 
GET / HTTP/1.1
Connection: close
Content-encoding: UTF-8
Host: localhost:33217
User-Agent: Apache-HttpClient/4.3.5 (java 1.5)
Accept-Encoding: gzip,deflate


HTTP/1.1 200 OK
Content-Type: text/html
Content-Length: 13

Hybrid Server
RESPONSE: 
HTTP/1.1 200 OK
Content-Type: text/html
Content-Length: 13

Hybrid Server

REQUEST: 
GET / HTTP/1.1
Connection: close
Content-encoding: UTF-8
Host: localhost:33217
User-Agent: Apache-HttpClient/4.3.5 (java 1.5)
Accept-Encoding: gzip,deflate


HTTP/1.1 200 OK
Content-Type: text/html
Content-Length: 13

Hybrid Server
RESPONSE: 
HTTP/1.1 200 OK
Content-Type: text/html
Content-Length: 13

Hybrid Server

REQUEST: 
GET / HTTP/1.1
Connection: close
Content-encoding: UTF-8
Host: localhost:33217
User-Agent: Apache-HttpClient/4.3.5 (java 1.5)
Accept-Encoding: gzip,deflate


HTTP/1.1 200 OK
Content-Type: text/html
Content-Length: 13

Hybrid Server
RESPONSE: 
HTTP/1.1 200 OK
Content-Type: text/html
Content-Length: 13

Hybrid Server

REQUEST: 
GET / HTTP/1.1
Connection: close
Content-encoding: UTF-8
Host: localhost:33217
User-Agent: Apache-HttpClient/4.3.5 (java 1.5)
Accept-Encoding: gzip,deflate


HTTP/1.1 200 OK
Content-Type: text/html
Content-Length: 13

Hybrid Server
RESPONSE: 
HTTP/1.1 200 OK
Content-Type: text/html
Content-Length: 13

Hybrid Server

REQUEST: 
GET / HTTP/1.1
Connection: close
Content-encoding: UTF-8
Host: localhost:45450
User-Agent: Apache-HttpClient/4.3.5 (java 1.5)
Accept-Encoding: gzip,deflate


HTTP/1.1 200 OK
Content-Type: text/html
Content-Length: 13

Hybrid Server
RESPONSE: 
HTTP/1.1 200 OK
Content-Type: text/html
Content-Length: 13

Hybrid Server

REQUEST: 
GET / HTTP/1.1
Connection: close
Content-encoding: UTF-8
Host: localhost:45450
User-Agent: Apache-HttpClient/4.3.5 (java 1.5)
Accept-Encoding: gzip,deflate


HTTP/1.1 200 OK
Content-Type: text/html
Content-Length: 13

Hybrid Server
RESPONSE: 
HTTP/1.1 200 OK
Content-Type: text/html
Content-Length: 13

Hybrid Server

REQUEST: 
GET / HTTP/1.1
Connection: close
Content-encoding: UTF-8
Host: localhost:45450
User-Agent: Apache-HttpClient/4.3.5 (java 1.5)
Accept-Encoding: gzip,deflate


HTTP/1.1 200 OK
Content-Type: text/html
Content-Length: 13

Hybrid Server
RESPONSE: 
HTTP/1.1 200 OK
Content-Type: text/html
Content-Length: 13

Hybrid Server

REQUEST: 
GET / HTTP/1.1
Connection: close
Content-encoding: UTF-8
Host: localhost:45450
User-Agent: Apache-HttpClient/4.3.5 (java 1.5)
Accept-Encoding: gzip,deflate


HTTP/1.1 200 OK
Content-Type: text/html
Content-Length: 13

Hybrid Server
RESPONSE: 
HTTP/1.1 200 OK
Content-Type: text/html
Content-Length: 13

Hybrid Server

REQUEST: 
GET / HTTP/1.1
Connection: close
Content-encoding: UTF-8
Host: localhost:45450
User-Agent: Apache-HttpClient/4.3.5 (java 1.5)
Accept-Encoding: gzip,deflate


HTTP/1.1 200 OK
Content-Type: text/html
Content-Length: 13

Hybrid Server
RESPONSE: 
HTTP/1.1 200 OK
Content-Type: text/html
Content-Length: 13

Hybrid Server

REQUEST: 
GET / HTTP/1.1
Connection: close
Content-encoding: UTF-8
Host: localhost:45450
User-Agent: Apache-HttpClient/4.3.5 (java 1.5)
Accept-Encoding: gzip,deflate


HTTP/1.1 200 OK
Content-Type: text/html
Content-Length: 13

Hybrid Server
RESPONSE: 
HTTP/1.1 200 OK
Content-Type: text/html
Content-Length: 13

Hybrid Server

REQUEST: 
GET / HTTP/1.1
Connection: close
Content-encoding: UTF-8
Host: localhost:45450
User-Agent: Apache-HttpClient/4.3.5 (java 1.5)
Accept-Encoding: gzip,deflate


HTTP/1.1 200 OK
Content-Type: text/html
Content-Length: 13

Hybrid Server
RESPONSE: 
HTTP/1.1 200 OK
Content-Type: text/html
Content-Length: 13

Hybrid Server

REQUEST: 
GET / HTTP/1.1
Connection: close
Content-encoding: UTF-8
Host: localhost:45450
User-Agent: Apache-HttpClient/4.3.5 (java 1.5)
Accept-Encoding: gzip,deflate


HTTP/1.1 200 OK
Content-Type: text/html
Content-Length: 13

Hybrid Server
RESPONSE: 
HTTP/1.1 200 OK
Content-Type: text/html
Content-Length: 13

Hybrid Server

REQUEST: 
GET / HTTP/1.1
Connection: close
Content-encoding: UTF-8
Host: localhost:45450
User-Agent: Apache-HttpClient/4.3.5 (java 1.5)
Accept-Encoding: gzip,deflate


HTTP/1.1 200 OK
Content-Type: text/html
Content-Length: 13

Hybrid Server
RESPONSE: 
HTTP/1.1 200 OK
Content-Type: text/html
Content-Length: 13

Hybrid Server

REQUEST: 
GET / HTTP/1.1
Connection: close
Content-encoding: UTF-8
Host: localhost:45450
User-Agent: Apache-HttpClient/4.3.5 (java 1.5)
Accept-Encoding: gzip,deflate


HTTP/1.1 200 OK
Content-Type: text/html
Content-Length: 13

Hybrid Server
RESPONSE: 
HTTP/1.1 200 OK
Content-Type: text/html
Content-Length: 13

Hybrid Server

REQUEST: 
GET / HTTP/1.1
Connection: close
Content-encoding: UTF-8
Host: localhost:45450
User-Agent: Apache-HttpClient/4.3.5 (java 1.5)
Accept-Encoding: gzip,deflate


HTTP/1.1 200 OK
Content-Type: text/html
Content-Length: 13

Hybrid Server
RESPONSE: 
HTTP/1.1 200 OK
Content-Type: text/html
Content-Length: 13

Hybrid Server

REQUEST: 
GET / HTTP/1.1
Connection: close
Content-encoding: UTF-8
Host: localhost:55881
User-Agent: Apache-HttpClient/4.3.5 (java 1.5)
Accept-Encoding: gzip,deflate


HTTP/1.1 200 OK
Content-Type: text/html
Content-Length: 13

Hybrid Server
RESPONSE: 
HTTP/1.1 200 OK
Content-Type: text/html
Content-Length: 13

Hybrid Server

REQUEST: 
GET / HTTP/1.1
Connection: close
Content-encoding: UTF-8
Host: localhost:55881
User-Agent: Apache-HttpClient/4.3.5 (java 1.5)
Accept-Encoding: gzip,deflate


HTTP/1.1 200 OK
Content-Type: text/html
Content-Length: 13

Hybrid Server
RESPONSE: 
HTTP/1.1 200 OK
Content-Type: text/html
Content-Length: 13

Hybrid Server

REQUEST: 
GET / HTTP/1.1
Connection: close
Content-encoding: UTF-8
Host: localhost:55881
User-Agent: Apache-HttpClient/4.3.5 (java 1.5)
Accept-Encoding: gzip,deflate


HTTP/1.1 200 OK
Content-Type: text/html
Content-Length: 13

Hybrid Server
RESPONSE: 
HTTP/1.1 200 OK
Content-Type: text/html
Content-Length: 13

Hybrid Server

REQUEST: 
GET / HTTP/1.1
Connection: close
Content-encoding: UTF-8
Host: localhost:55881
User-Agent: Apache-HttpClient/4.3.5 (java 1.5)
Accept-Encoding: gzip,deflate


HTTP/1.1 200 OK
Content-Type: text/html
Content-Length: 13

Hybrid Server
RESPONSE: 
HTTP/1.1 200 OK
Content-Type: text/html
Content-Length: 13

Hybrid Server

REQUEST: 
GET / HTTP/1.1
Connection: close
Content-encoding: UTF-8
Host: localhost:55881
User-Agent: Apache-HttpClient/4.3.5 (java 1.5)
Accept-Encoding: gzip,deflate


HTTP/1.1 200 OK
Content-Type: text/html
Content-Length: 13

Hybrid Server
RESPONSE: 
HTTP/1.1 200 OK
Content-Type: text/html
Content-Length: 13

Hybrid Server

REQUEST: 
GET / HTTP/1.1
Connection: close
Content-encoding: UTF-8
Host: localhost:55881
User-Agent: Apache-HttpClient/4.3.5 (java 1.5)
Accept-Encoding: gzip,deflate


HTTP/1.1 200 OK
Content-Type: text/html
Content-Length: 13

Hybrid Server
RESPONSE: 
HTTP/1.1 200 OK
Content-Type: text/html
Content-Length: 13

Hybrid Server

REQUEST: 
GET / HTTP/1.1
Connection: close
Content-encoding: UTF-8
Host: localhost:55881
User-Agent: Apache-HttpClient/4.3.5 (java 1.5)
Accept-Encoding: gzip,deflate


HTTP/1.1 200 OK
Content-Type: text/html
Content-Length: 13

Hybrid Server
RESPONSE: 
HTTP/1.1 200 OK
Content-Type: text/html
Content-Length: 13

Hybrid Server

REQUEST: 
GET / HTTP/1.1
Connection: close
Content-encoding: UTF-8
Host: localhost:55881
User-Agent: Apache-HttpClient/4.3.5 (java 1.5)
Accept-Encoding: gzip,deflate


HTTP/1.1 200 OK
Content-Type: text/html
Content-Length: 13

Hybrid Server
RESPONSE: 
HTTP/1.1 200 OK
Content-Type: text/html
Content-Length: 13

Hybrid Server

REQUEST: 
GET / HTTP/1.1
Connection: close
Content-encoding: UTF-8
Host: localhost:55881
User-Agent: Apache-HttpClient/4.3.5 (java 1.5)
Accept-Encoding: gzip,deflate


HTTP/1.1 200 OK
Content-Type: text/html
Content-Length: 13

Hybrid Server
RESPONSE: 
HTTP/1.1 200 OK
Content-Type: text/html
Content-Length: 13

Hybrid Server

REQUEST: 
GET / HTTP/1.1
Connection: close
Content-encoding: UTF-8
Host: localhost:55881
User-Agent: Apache-HttpClient/4.3.5 (java 1.5)
Accept-Encoding: gzip,deflate


HTTP/1.1 200 OK
Content-Type: text/html
Content-Length: 13

Hybrid Server
RESPONSE: 
HTTP/1.1 200 OK
Content-Type: text/html
Content-Length: 13

Hybrid Server

REQUEST: 
GET / HTTP/1.1
Connection: close
Content-encoding: UTF-8
Host: localhost:55881
User-Agent: Apache-HttpClient/4.3.5 (java 1.5)
Accept-Encoding: gzip,deflate


HTTP/1.1 200 OK
Content-Type: text/html
Content-Length: 13

Hybrid Server
RESPONSE: 
HTTP/1.1 200 OK
Content-Type: text/html
Content-Length: 13

Hybrid Server

REQUEST: 
GET / HTTP/1.1
Connection: close
Content-encoding: UTF-8
Host: localhost:60000
User-Agent: Apache-HttpClient/4.3.5 (java 1.5)
Accept-Encoding: gzip,deflate


HTTP/1.1 200 OK
Content-Type: text/html
Content-Length: 13

Hybrid Server
RESPONSE: 
HTTP/1.1 200 OK
Content-Type: text/html
Content-Length: 13

Hybrid Server

REQUEST: 
GET / HTTP/1.1
Connection: close
Content-encoding: UTF-8
Host: localhost:60000
User-Agent: Apache-HttpClient/4.3.5 (java 1.5)
Accept-Encoding: gzip,deflate


HTTP/1.1 200 OK
Content-Type: text/html
Content-Length: 13

Hybrid Server
RESPONSE: 
HTTP/1.1 200 OK
Content-Type: text/html
Content-Length: 13

Hybrid Server

REQUEST: 
GET / HTTP/1.1
Connection: close
Content-encoding: UTF-8
Host: localhost:60000
User-Agent: Apache-HttpClient/4.3.5 (java 1.5)
Accept-Encoding: gzip,deflate


HTTP/1.1 200 OK
Content-Type: text/html
Content-Length: 13

Hybrid Server
RESPONSE: 
HTTP/1.1 200 OK
Content-Type: text/html
Content-Length: 13

Hybrid Server

REQUEST: 
GET / HTTP/1.1
Connection: close
Content-encoding: UTF-8
Host: localhost:60000
User-Agent: Apache-HttpClient/4.3.5 (java 1.5)
Accept-Encoding: gzip,deflate


HTTP/1.1 200 OK
Content-Type: text/html
Content-Length: 13

Hybrid Server
RESPONSE: 
HTTP/1.1 200 OK
Content-Type: text/html
Content-Length: 13

Hybrid Server

REQUEST: 
GET / HTTP/1.1
Connection: close
Content-encoding: UTF-8
Host: localhost:60000
User-Agent: Apache-HttpClient/4.3.5 (java 1.5)
Accept-Encoding: gzip,deflate


HTTP/1.1 200 OK
Content-Type: text/html
Content-Length: 13

Hybrid Server
RESPONSE: 
HTTP/1.1 200 OK
Content-Type: text/html
Content-Length: 13

Hybrid Server

REQUEST: 
GET / HTTP/1.1
Connection: close
Content-encoding: UTF-8
Host: localhost:60000
User-Agent: Apache-HttpClient/4.3.5 (java 1.5)
Accept-Encoding: gzip,deflate


HTTP/1.1 200 OK
Content-Type: text/html
Content-Length: 13

Hybrid Server
RESPONSE: 
HTTP/1.1 200 OK
Content-Type: text/html
Content-Length: 13

Hybrid Server

REQUEST: 
GET / HTTP/1.1
Connection: close
Content-encoding: UTF-8
Host: localhost:60000
User-Agent: Apache-HttpClient/4.3.5 (java 1.5)
Accept-Encoding: gzip,deflate


HTTP/1.1 200 OK
Content-Type: text/html
Content-Length: 13

Hybrid Server
RESPONSE: 
HTTP/1.1 200 OK
Content-Type: text/html
Content-Length: 13

Hybrid Server

REQUEST: 
GET / HTTP/1.1
Connection: close
Content-encoding: UTF-8
Host: localhost:60000
User-Agent: Apache-HttpClient/4.3.5 (java 1.5)
Accept-Encoding: gzip,deflate


HTTP/1.1 200 OK
Content-Type: text/html
Content-Length: 13

Hybrid Server
RESPONSE: 
HTTP/1.1 200 OK
Content-Type: text/html
Content-Length: 13

Hybrid Server

REQUEST: 
GET / HTTP/1.1
Connection: close
Content-encoding: UTF-8
Host: localhost:60000
User-Agent: Apache-HttpClient/4.3.5 (java 1.5)
Accept-Encoding: gzip,deflate


HTTP/1.1 200 OK
Content-Type: text/html
Content-Length: 13

Hybrid Server
RESPONSE: 
HTTP/1.1 200 OK
Content-Type: text/html
Content-Length: 13

Hybrid Server

REQUEST: 
GET / HTTP/1.1
Connection: close
Content-encoding: UTF-8
Host: localhost:60000
User-Agent: Apache-HttpClient/4.3.5 (java 1.5)
Accept-Encoding: gzip,deflate


HTTP/1.1 200 OK
Content-Type: text/html
Content-Length: 13

Hybrid Server
RESPONSE: 
HTTP/1.1 200 OK
Content-Type: text/html
Content-Length: 13

Hybrid Server

REQUEST: 
GET / HTTP/1.1
Connection: close
Content-encoding: UTF-8
Host: localhost:60000
User-Agent: Apache-HttpClient/4.3.5 (java 1.5)
Accept-Encoding: gzip,deflate


HTTP/1.1 200 OK
Content-Type: text/html
Content-Length: 13

Hybrid Server
RESPONSE: 
HTTP/1.1 200 OK
Content-Type: text/html
Content-Length: 13

Hybrid Server

REQUEST: 
POST /html HTTP/1.1
Connection: close
Content-encoding: UTF-8
Content-Length: 62
Content-Type: application/x-www-form-urlencoded; charset=ISO-8859-1
Host: localhost:8888
User-Agent: Apache-HttpClient/4.3.5 (java 1.5)
Accept-Encoding: gzip,deflate

xxx=<html><body>Testing POST</body></html>

HTTP/1.1 400 Bad Request
Content-Type: text/html
Content-Length: 99

<a href="html?uuid=f4e9ef1c-0db5-46f9-aeb1-c159ebdbc9e5">f4e9ef1c-0db5-46f9-aeb1-c159ebdbc9e5</a>

RESPONSE: 
HTTP/1.1 400 Bad Request
Content-Type: text/html
Content-Length: 99

<a href="html?uuid=f4e9ef1c-0db5-46f9-aeb1-c159ebdbc9e5">f4e9ef1c-0db5-46f9-aeb1-c159ebdbc9e5</a>


REQUEST: 
POST /html HTTP/1.1
Connection: close
Content-encoding: UTF-8
Content-Length: 63
Content-Type: application/x-www-form-urlencoded; charset=ISO-8859-1
Host: localhost:8888
User-Agent: Apache-HttpClient/4.3.5 (java 1.5)
Accept-Encoding: gzip,deflate

html=<html><body>Testing POST</body></html>

HTTP/1.1 200 OK
Content-Type: text/html
Content-Length: 99

<a href="html?uuid=ae4a3721-6574-47a1-bc92-0f80e11b18c7">ae4a3721-6574-47a1-bc92-0f80e11b18c7</a>

RESPONSE: 
HTTP/1.1 200 OK
Content-Type: text/html
Content-Length: 99

<a href="html?uuid=ae4a3721-6574-47a1-bc92-0f80e11b18c7">ae4a3721-6574-47a1-bc92-0f80e11b18c7</a>


REQUEST: 
GET /html?uuid=ae4a3721-6574-47a1-bc92-0f80e11b18c7 HTTP/1.1
Connection: close
Content-encoding: UTF-8
Host: localhost:8888
User-Agent: Apache-HttpClient/4.3.5 (java 1.5)
Accept-Encoding: gzip,deflate


HTTP/1.1 200 OK
Content-Type: text/html
Content-Length: 38

<html><body>Testing POST</body></html>
RESPONSE: 
HTTP/1.1 200 OK
Content-Type: text/html
Content-Length: 38

<html><body>Testing POST</body></html>

REQUEST: 
GET /html?uuid=12345678-abcd-1234-ab12-9876543210ab HTTP/1.1
Connection: close
Content-encoding: UTF-8
Host: localhost:8888
User-Agent: Apache-HttpClient/4.3.5 (java 1.5)
Accept-Encoding: gzip,deflate


HTTP/1.1 404 Not Found
Content-Type: text/html


RESPONSE: 
HTTP/1.1 404 Not Found
Content-Type: text/html



REQUEST: 
GET /html HTTP/1.1
Connection: close
Content-encoding: UTF-8
Host: localhost:8888
User-Agent: Apache-HttpClient/4.3.5 (java 1.5)
Accept-Encoding: gzip,deflate


HTTP/1.1 200 OK
Content-Type: text/html
Content-Length: 990

<a href="html?uuid=2471caa8-e8df-44d6-94f2-7752a74f6819">2471caa8-e8df-44d6-94f2-7752a74f6819</a>
<a href="html?uuid=3aff2f9c-0c7f-4630-99ad-27a0cf1af137">3aff2f9c-0c7f-4630-99ad-27a0cf1af137</a>
<a href="html?uuid=6df1047e-cf19-4a83-8cf3-38f5e53f7725">6df1047e-cf19-4a83-8cf3-38f5e53f7725</a>
<a href="html?uuid=77ec1d68-84e1-40f4-be8e-066e02f4e373">77ec1d68-84e1-40f4-be8e-066e02f4e373</a>
<a href="html?uuid=79e01232-5ea4-41c8-9331-1c1880a1d3c2">79e01232-5ea4-41c8-9331-1c1880a1d3c2</a>
<a href="html?uuid=8f824126-0bd1-4074-b88e-c0b59d3e67a3">8f824126-0bd1-4074-b88e-c0b59d3e67a3</a>
<a href="html?uuid=a35b6c5e-22d6-4707-98b4-462482e26c9e">a35b6c5e-22d6-4707-98b4-462482e26c9e</a>
<a href="html?uuid=c6c80c75-b335-4f68-b7a7-59434413ce6c">c6c80c75-b335-4f68-b7a7-59434413ce6c</a>
<a href="html?uuid=f959ecb3-6382-4ae5-9325-8fcbc068e446">f959ecb3-6382-4ae5-9325-8fcbc068e446</a>
<a href="html?uuid=fa0979ca-2734-41f7-84c5-e40e0886e408">fa0979ca-2734-41f7-84c5-e40e0886e408</a>

RESPONSE: 
HTTP/1.1 200 OK
Content-Type: text/html
Content-Length: 990

<a href="html?uuid=2471caa8-e8df-44d6-94f2-7752a74f6819">2471caa8-e8df-44d6-94f2-7752a74f6819</a>
<a href="html?uuid=3aff2f9c-0c7f-4630-99ad-27a0cf1af137">3aff2f9c-0c7f-4630-99ad-27a0cf1af137</a>
<a href="html?uuid=6df1047e-cf19-4a83-8cf3-38f5e53f7725">6df1047e-cf19-4a83-8cf3-38f5e53f7725</a>
<a href="html?uuid=77ec1d68-84e1-40f4-be8e-066e02f4e373">77ec1d68-84e1-40f4-be8e-066e02f4e373</a>
<a href="html?uuid=79e01232-5ea4-41c8-9331-1c1880a1d3c2">79e01232-5ea4-41c8-9331-1c1880a1d3c2</a>
<a href="html?uuid=8f824126-0bd1-4074-b88e-c0b59d3e67a3">8f824126-0bd1-4074-b88e-c0b59d3e67a3</a>
<a href="html?uuid=a35b6c5e-22d6-4707-98b4-462482e26c9e">a35b6c5e-22d6-4707-98b4-462482e26c9e</a>
<a href="html?uuid=c6c80c75-b335-4f68-b7a7-59434413ce6c">c6c80c75-b335-4f68-b7a7-59434413ce6c</a>
<a href="html?uuid=f959ecb3-6382-4ae5-9325-8fcbc068e446">f959ecb3-6382-4ae5-9325-8fcbc068e446</a>
<a href="html?uuid=fa0979ca-2734-41f7-84c5-e40e0886e408">fa0979ca-2734-41f7-84c5-e40e0886e408</a>


REQUEST: 
DELETE /html?uuid=77ec1d68-84e1-40f4-be8e-066e02f4e373 HTTP/1.1
Connection: close
Content-encoding: UTF-8
Host: localhost:8888
User-Agent: Apache-HttpClient/4.3.5 (java 1.5)
Accept-Encoding: gzip,deflate


HTTP/1.1 200 OK
Content-Type: text/html


RESPONSE: 
HTTP/1.1 200 OK
Content-Type: text/html



REQUEST: 
GET /html?uuid=77ec1d68-84e1-40f4-be8e-066e02f4e373 HTTP/1.1
Connection: close
Content-encoding: UTF-8
Host: localhost:8888
User-Agent: Apache-HttpClient/4.3.5 (java 1.5)
Accept-Encoding: gzip,deflate


HTTP/1.1 404 Not Found
Content-Type: text/html


RESPONSE: 
HTTP/1.1 404 Not Found
Content-Type: text/html



REQUEST: 
DELETE /html?uuid=12345678-abcd-1234-ab12-9876543210ab HTTP/1.1
Connection: close
Content-encoding: UTF-8
Host: localhost:8888
User-Agent: Apache-HttpClient/4.3.5 (java 1.5)
Accept-Encoding: gzip,deflate


HTTP/1.1 404 Not Found
Content-Type: text/html


RESPONSE: 
HTTP/1.1 404 Not Found
Content-Type: text/html



]]></system-out>
  <system-err><![CDATA[java.sql.SQLException: Access denied for user 'dai'@'localhost' (using password: YES)
	at com.mysql.jdbc.SQLError.createSQLException(SQLError.java:1074)
	at com.mysql.jdbc.MysqlIO.checkErrorPacket(MysqlIO.java:4096)
	at com.mysql.jdbc.MysqlIO.checkErrorPacket(MysqlIO.java:4028)
	at com.mysql.jdbc.MysqlIO.checkErrorPacket(MysqlIO.java:919)
	at com.mysql.jdbc.MysqlIO.proceedHandshakeWithPluggableAuthentication(MysqlIO.java:1694)
	at com.mysql.jdbc.MysqlIO.doHandshake(MysqlIO.java:1244)
	at com.mysql.jdbc.ConnectionImpl.coreConnect(ConnectionImpl.java:2412)
	at com.mysql.jdbc.ConnectionImpl.connectOneTryOnly(ConnectionImpl.java:2445)
	at com.mysql.jdbc.ConnectionImpl.createNewIO(ConnectionImpl.java:2230)
	at com.mysql.jdbc.ConnectionImpl.<init>(ConnectionImpl.java:813)
	at com.mysql.jdbc.JDBC4Connection.<init>(JDBC4Connection.java:47)
	at sun.reflect.NativeConstructorAccessorImpl.newInstance0(Native Method)
	at sun.reflect.NativeConstructorAccessorImpl.newInstance(Unknown Source)
	at sun.reflect.DelegatingConstructorAccessorImpl.newInstance(Unknown Source)
	at java.lang.reflect.Constructor.newInstance(Unknown Source)
	at com.mysql.jdbc.Util.handleNewInstance(Util.java:411)
	at com.mysql.jdbc.ConnectionImpl.getInstance(ConnectionImpl.java:399)
	at com.mysql.jdbc.NonRegisteringDriver.connect(NonRegisteringDriver.java:334)
	at java.sql.DriverManager.getConnection(Unknown Source)
	at java.sql.DriverManager.getConnection(Unknown Source)
	at es.uvigo.esei.dai.hybridserver.Worker.<init>(Worker.java:45)
	at es.uvigo.esei.dai.hybridserver.HybridServer$1.run(HybridServer.java:69)
java.sql.SQLException: Access denied for user 'dai'@'localhost' (using password: YES)
	at com.mysql.jdbc.SQLError.createSQLException(SQLError.java:1074)
	at com.mysql.jdbc.MysqlIO.checkErrorPacket(MysqlIO.java:4096)
	at com.mysql.jdbc.MysqlIO.checkErrorPacket(MysqlIO.java:4028)
	at com.mysql.jdbc.MysqlIO.checkErrorPacket(MysqlIO.java:919)
	at com.mysql.jdbc.MysqlIO.proceedHandshakeWithPluggableAuthentication(MysqlIO.java:1694)
	at com.mysql.jdbc.MysqlIO.doHandshake(MysqlIO.java:1244)
	at com.mysql.jdbc.ConnectionImpl.coreConnect(ConnectionImpl.java:2412)
	at com.mysql.jdbc.ConnectionImpl.connectOneTryOnly(ConnectionImpl.java:2445)
	at com.mysql.jdbc.ConnectionImpl.createNewIO(ConnectionImpl.java:2230)
	at com.mysql.jdbc.ConnectionImpl.<init>(ConnectionImpl.java:813)
	at com.mysql.jdbc.JDBC4Connection.<init>(JDBC4Connection.java:47)
	at sun.reflect.NativeConstructorAccessorImpl.newInstance0(Native Method)
	at sun.reflect.NativeConstructorAccessorImpl.newInstance(Unknown Source)
	at sun.reflect.DelegatingConstructorAccessorImpl.newInstance(Unknown Source)
	at java.lang.reflect.Constructor.newInstance(Unknown Source)
	at com.mysql.jdbc.Util.handleNewInstance(Util.java:411)
	at com.mysql.jdbc.ConnectionImpl.getInstance(ConnectionImpl.java:399)
	at com.mysql.jdbc.NonRegisteringDriver.connect(NonRegisteringDriver.java:334)
	at java.sql.DriverManager.getConnection(Unknown Source)
	at java.sql.DriverManager.getConnection(Unknown Source)
	at es.uvigo.esei.dai.hybridserver.Worker.<init>(Worker.java:45)
	at es.uvigo.esei.dai.hybridserver.HybridServer$1.run(HybridServer.java:69)
java.sql.SQLException: Access denied for user 'dai'@'localhost' (using password: YES)
	at com.mysql.jdbc.SQLError.createSQLException(SQLError.java:1074)
	at com.mysql.jdbc.MysqlIO.checkErrorPacket(MysqlIO.java:4096)
	at com.mysql.jdbc.MysqlIO.checkErrorPacket(MysqlIO.java:4028)
	at com.mysql.jdbc.MysqlIO.checkErrorPacket(MysqlIO.java:919)
	at com.mysql.jdbc.MysqlIO.proceedHandshakeWithPluggableAuthentication(MysqlIO.java:1694)
	at com.mysql.jdbc.MysqlIO.doHandshake(MysqlIO.java:1244)
	at com.mysql.jdbc.ConnectionImpl.coreConnect(ConnectionImpl.java:2412)
	at com.mysql.jdbc.ConnectionImpl.connectOneTryOnly(ConnectionImpl.java:2445)
	at com.mysql.jdbc.ConnectionImpl.createNewIO(ConnectionImpl.java:2230)
	at com.mysql.jdbc.ConnectionImpl.<init>(ConnectionImpl.java:813)
	at com.mysql.jdbc.JDBC4Connection.<init>(JDBC4Connection.java:47)
	at sun.reflect.NativeConstructorAccessorImpl.newInstance0(Native Method)
	at sun.reflect.NativeConstructorAccessorImpl.newInstance(Unknown Source)
	at sun.reflect.DelegatingConstructorAccessorImpl.newInstance(Unknown Source)
	at java.lang.reflect.Constructor.newInstance(Unknown Source)
	at com.mysql.jdbc.Util.handleNewInstance(Util.java:411)
	at com.mysql.jdbc.ConnectionImpl.getInstance(ConnectionImpl.java:399)
	at com.mysql.jdbc.NonRegisteringDriver.connect(NonRegisteringDriver.java:334)
	at java.sql.DriverManager.getConnection(Unknown Source)
	at java.sql.DriverManager.getConnection(Unknown Source)
	at es.uvigo.esei.dai.hybridserver.Worker.<init>(Worker.java:45)
	at es.uvigo.esei.dai.hybridserver.HybridServer$1.run(HybridServer.java:69)
java.sql.SQLException: Access denied for user 'dai'@'localhost' (using password: YES)
	at com.mysql.jdbc.SQLError.createSQLException(SQLError.java:1074)
	at com.mysql.jdbc.MysqlIO.checkErrorPacket(MysqlIO.java:4096)
	at com.mysql.jdbc.MysqlIO.checkErrorPacket(MysqlIO.java:4028)
	at com.mysql.jdbc.MysqlIO.checkErrorPacket(MysqlIO.java:919)
	at com.mysql.jdbc.MysqlIO.proceedHandshakeWithPluggableAuthentication(MysqlIO.java:1694)
	at com.mysql.jdbc.MysqlIO.doHandshake(MysqlIO.java:1244)
	at com.mysql.jdbc.ConnectionImpl.coreConnect(ConnectionImpl.java:2412)
	at com.mysql.jdbc.ConnectionImpl.connectOneTryOnly(ConnectionImpl.java:2445)
	at com.mysql.jdbc.ConnectionImpl.createNewIO(ConnectionImpl.java:2230)
	at com.mysql.jdbc.ConnectionImpl.<init>(ConnectionImpl.java:813)
	at com.mysql.jdbc.JDBC4Connection.<init>(JDBC4Connection.java:47)
	at sun.reflect.NativeConstructorAccessorImpl.newInstance0(Native Method)
	at sun.reflect.NativeConstructorAccessorImpl.newInstance(Unknown Source)
	at sun.reflect.DelegatingConstructorAccessorImpl.newInstance(Unknown Source)
	at java.lang.reflect.Constructor.newInstance(Unknown Source)
	at com.mysql.jdbc.Util.handleNewInstance(Util.java:411)
	at com.mysql.jdbc.ConnectionImpl.getInstance(ConnectionImpl.java:399)
	at com.mysql.jdbc.NonRegisteringDriver.connect(NonRegisteringDriver.java:334)
	at java.sql.DriverManager.getConnection(Unknown Source)
	at java.sql.DriverManager.getConnection(Unknown Source)
	at es.uvigo.esei.dai.hybridserver.Worker.<init>(Worker.java:45)
	at es.uvigo.esei.dai.hybridserver.HybridServer$1.run(HybridServer.java:69)
java.sql.SQLException: Access denied for user 'dai'@'localhost' (using password: YES)
	at com.mysql.jdbc.SQLError.createSQLException(SQLError.java:1074)
	at com.mysql.jdbc.MysqlIO.checkErrorPacket(MysqlIO.java:4096)
	at com.mysql.jdbc.MysqlIO.checkErrorPacket(MysqlIO.java:4028)
	at com.mysql.jdbc.MysqlIO.checkErrorPacket(MysqlIO.java:919)
	at com.mysql.jdbc.MysqlIO.proceedHandshakeWithPluggableAuthentication(MysqlIO.java:1694)
	at com.mysql.jdbc.MysqlIO.doHandshake(MysqlIO.java:1244)
	at com.mysql.jdbc.ConnectionImpl.coreConnect(ConnectionImpl.java:2412)
	at com.mysql.jdbc.ConnectionImpl.connectOneTryOnly(ConnectionImpl.java:2445)
	at com.mysql.jdbc.ConnectionImpl.createNewIO(ConnectionImpl.java:2230)
	at com.mysql.jdbc.ConnectionImpl.<init>(ConnectionImpl.java:813)
	at com.mysql.jdbc.JDBC4Connection.<init>(JDBC4Connection.java:47)
	at sun.reflect.NativeConstructorAccessorImpl.newInstance0(Native Method)
	at sun.reflect.NativeConstructorAccessorImpl.newInstance(Unknown Source)
	at sun.reflect.DelegatingConstructorAccessorImpl.newInstance(Unknown Source)
	at java.lang.reflect.Constructor.newInstance(Unknown Source)
	at com.mysql.jdbc.Util.handleNewInstance(Util.java:411)
	at com.mysql.jdbc.ConnectionImpl.getInstance(ConnectionImpl.java:399)
	at com.mysql.jdbc.NonRegisteringDriver.connect(NonRegisteringDriver.java:334)
	at java.sql.DriverManager.getConnection(Unknown Source)
	at java.sql.DriverManager.getConnection(Unknown Source)
	at es.uvigo.esei.dai.hybridserver.Worker.<init>(Worker.java:45)
	at es.uvigo.esei.dai.hybridserver.HybridServer$1.run(HybridServer.java:69)
java.sql.SQLException: Access denied for user 'dai'@'localhost' (using password: YES)
	at com.mysql.jdbc.SQLError.createSQLException(SQLError.java:1074)
	at com.mysql.jdbc.MysqlIO.checkErrorPacket(MysqlIO.java:4096)
	at com.mysql.jdbc.MysqlIO.checkErrorPacket(MysqlIO.java:4028)
	at com.mysql.jdbc.MysqlIO.checkErrorPacket(MysqlIO.java:919)
	at com.mysql.jdbc.MysqlIO.proceedHandshakeWithPluggableAuthentication(MysqlIO.java:1694)
	at com.mysql.jdbc.MysqlIO.doHandshake(MysqlIO.java:1244)
	at com.mysql.jdbc.ConnectionImpl.coreConnect(ConnectionImpl.java:2412)
	at com.mysql.jdbc.ConnectionImpl.connectOneTryOnly(ConnectionImpl.java:2445)
	at com.mysql.jdbc.ConnectionImpl.createNewIO(ConnectionImpl.java:2230)
	at com.mysql.jdbc.ConnectionImpl.<init>(ConnectionImpl.java:813)
	at com.mysql.jdbc.JDBC4Connection.<init>(JDBC4Connection.java:47)
	at sun.reflect.NativeConstructorAccessorImpl.newInstance0(Native Method)
	at sun.reflect.NativeConstructorAccessorImpl.newInstance(Unknown Source)
	at sun.reflect.DelegatingConstructorAccessorImpl.newInstance(Unknown Source)
	at java.lang.reflect.Constructor.newInstance(Unknown Source)
	at com.mysql.jdbc.Util.handleNewInstance(Util.java:411)
	at com.mysql.jdbc.ConnectionImpl.getInstance(ConnectionImpl.java:399)
	at com.mysql.jdbc.NonRegisteringDriver.connect(NonRegisteringDriver.java:334)
	at java.sql.DriverManager.getConnection(Unknown Source)
	at java.sql.DriverManager.getConnection(Unknown Source)
	at es.uvigo.esei.dai.hybridserver.Worker.<init>(Worker.java:45)
	at es.uvigo.esei.dai.hybridserver.HybridServer$1.run(HybridServer.java:69)
java.sql.SQLException: Access denied for user 'dai'@'localhost' (using password: YES)
[...]
	at com.mysql.jdbc.ConnectionImpl.connectOneTryOnly(ConnectionImpl.java:2445)
	at com.mysql.jdbc.ConnectionImpl.createNewIO(ConnectionImpl.java:2230)
	at com.mysql.jdbc.ConnectionImpl.<init>(ConnectionImpl.java:813)
	at com.mysql.jdbc.JDBC4Connection.<init>(JDBC4Connection.java:47)
	at sun.reflect.GeneratedConstructorAccessor11.newInstance(Unknown Source)
	at sun.reflect.DelegatingConstructorAccessorImpl.newInstance(Unknown Source)
	at java.lang.reflect.Constructor.newInstance(Unknown Source)
	at com.mysql.jdbc.Util.handleNewInstance(Util.java:411)
	at com.mysql.jdbc.ConnectionImpl.getInstance(ConnectionImpl.java:399)
	at com.mysql.jdbc.NonRegisteringDriver.connect(NonRegisteringDriver.java:334)
	at java.sql.DriverManager.getConnection(Unknown Source)
	at java.sql.DriverManager.getConnection(Unknown Source)
	at es.uvigo.esei.dai.hybridserver.Worker.<init>(Worker.java:45)
	at es.uvigo.esei.dai.hybridserver.HybridServer$1.run(HybridServer.java:69)
java.sql.SQLException: Access denied for user 'dai'@'localhost' (using password: YES)
	at com.mysql.jdbc.SQLError.createSQLException(SQLError.java:1074)
	at com.mysql.jdbc.MysqlIO.checkErrorPacket(MysqlIO.java:4096)
	at com.mysql.jdbc.MysqlIO.checkErrorPacket(MysqlIO.java:4028)
	at com.mysql.jdbc.MysqlIO.checkErrorPacket(MysqlIO.java:919)
	at com.mysql.jdbc.MysqlIO.proceedHandshakeWithPluggableAuthentication(MysqlIO.java:1694)
	at com.mysql.jdbc.MysqlIO.doHandshake(MysqlIO.java:1244)
	at com.mysql.jdbc.ConnectionImpl.coreConnect(ConnectionImpl.java:2412)
	at com.mysql.jdbc.ConnectionImpl.connectOneTryOnly(ConnectionImpl.java:2445)
	at com.mysql.jdbc.ConnectionImpl.createNewIO(ConnectionImpl.java:2230)
	at com.mysql.jdbc.ConnectionImpl.<init>(ConnectionImpl.java:813)
	at com.mysql.jdbc.JDBC4Connection.<init>(JDBC4Connection.java:47)
	at sun.reflect.GeneratedConstructorAccessor11.newInstance(Unknown Source)
	at sun.reflect.DelegatingConstructorAccessorImpl.newInstance(Unknown Source)
	at java.lang.reflect.Constructor.newInstance(Unknown Source)
	at com.mysql.jdbc.Util.handleNewInstance(Util.java:411)
	at com.mysql.jdbc.ConnectionImpl.getInstance(ConnectionImpl.java:399)
	at com.mysql.jdbc.NonRegisteringDriver.connect(NonRegisteringDriver.java:334)
	at java.sql.DriverManager.getConnection(Unknown Source)
	at java.sql.DriverManager.getConnection(Unknown Source)
	at es.uvigo.esei.dai.hybridserver.Worker.<init>(Worker.java:45)
	at es.uvigo.esei.dai.hybridserver.HybridServer$1.run(HybridServer.java:69)
java.sql.SQLException: Access denied for user 'dai'@'localhost' (using password: YES)
	at com.mysql.jdbc.SQLError.createSQLException(SQLError.java:1074)
	at com.mysql.jdbc.MysqlIO.checkErrorPacket(MysqlIO.java:4096)
	at com.mysql.jdbc.MysqlIO.checkErrorPacket(MysqlIO.java:4028)
	at com.mysql.jdbc.MysqlIO.checkErrorPacket(MysqlIO.java:919)
	at com.mysql.jdbc.MysqlIO.proceedHandshakeWithPluggableAuthentication(MysqlIO.java:1694)
	at com.mysql.jdbc.MysqlIO.doHandshake(MysqlIO.java:1244)
	at com.mysql.jdbc.ConnectionImpl.coreConnect(ConnectionImpl.java:2412)
	at com.mysql.jdbc.ConnectionImpl.connectOneTryOnly(ConnectionImpl.java:2445)
	at com.mysql.jdbc.ConnectionImpl.createNewIO(ConnectionImpl.java:2230)
	at com.mysql.jdbc.ConnectionImpl.<init>(ConnectionImpl.java:813)
	at com.mysql.jdbc.JDBC4Connection.<init>(JDBC4Connection.java:47)
	at sun.reflect.GeneratedConstructorAccessor11.newInstance(Unknown Source)
	at sun.reflect.DelegatingConstructorAccessorImpl.newInstance(Unknown Source)
	at java.lang.reflect.Constructor.newInstance(Unknown Source)
	at com.mysql.jdbc.Util.handleNewInstance(Util.java:411)
	at com.mysql.jdbc.ConnectionImpl.getInstance(ConnectionImpl.java:399)
	at com.mysql.jdbc.NonRegisteringDriver.connect(NonRegisteringDriver.java:334)
	at java.sql.DriverManager.getConnection(Unknown Source)
	at java.sql.DriverManager.getConnection(Unknown Source)
	at es.uvigo.esei.dai.hybridserver.Worker.<init>(Worker.java:45)
	at es.uvigo.esei.dai.hybridserver.HybridServer$1.run(HybridServer.java:69)
java.sql.SQLException: Access denied for user 'dai'@'localhost' (using password: YES)
	at com.mysql.jdbc.SQLError.createSQLException(SQLError.java:1074)
	at com.mysql.jdbc.MysqlIO.checkErrorPacket(MysqlIO.java:4096)
	at com.mysql.jdbc.MysqlIO.checkErrorPacket(MysqlIO.java:4028)
	at com.mysql.jdbc.MysqlIO.checkErrorPacket(MysqlIO.java:919)
	at com.mysql.jdbc.MysqlIO.proceedHandshakeWithPluggableAuthentication(MysqlIO.java:1694)
	at com.mysql.jdbc.MysqlIO.doHandshake(MysqlIO.java:1244)
	at com.mysql.jdbc.ConnectionImpl.coreConnect(ConnectionImpl.java:2412)
	at com.mysql.jdbc.ConnectionImpl.connectOneTryOnly(ConnectionImpl.java:2445)
	at com.mysql.jdbc.ConnectionImpl.createNewIO(ConnectionImpl.java:2230)
	at com.mysql.jdbc.ConnectionImpl.<init>(ConnectionImpl.java:813)
	at com.mysql.jdbc.JDBC4Connection.<init>(JDBC4Connection.java:47)
	at sun.reflect.GeneratedConstructorAccessor11.newInstance(Unknown Source)
	at sun.reflect.DelegatingConstructorAccessorImpl.newInstance(Unknown Source)
	at java.lang.reflect.Constructor.newInstance(Unknown Source)
	at com.mysql.jdbc.Util.handleNewInstance(Util.java:411)
	at com.mysql.jdbc.ConnectionImpl.getInstance(ConnectionImpl.java:399)
	at com.mysql.jdbc.NonRegisteringDriver.connect(NonRegisteringDriver.java:334)
	at java.sql.DriverManager.getConnection(Unknown Source)
	at java.sql.DriverManager.getConnection(Unknown Source)
	at es.uvigo.esei.dai.hybridserver.Worker.<init>(Worker.java:45)
	at es.uvigo.esei.dai.hybridserver.HybridServer$1.run(HybridServer.java:69)
java.sql.SQLException: Access denied for user 'dai'@'localhost' (using password: YES)
	at com.mysql.jdbc.SQLError.createSQLException(SQLError.java:1074)
	at com.mysql.jdbc.MysqlIO.checkErrorPacket(MysqlIO.java:4096)
	at com.mysql.jdbc.MysqlIO.checkErrorPacket(MysqlIO.java:4028)
	at com.mysql.jdbc.MysqlIO.checkErrorPacket(MysqlIO.java:919)
	at com.mysql.jdbc.MysqlIO.proceedHandshakeWithPluggableAuthentication(MysqlIO.java:1694)
	at com.mysql.jdbc.MysqlIO.doHandshake(MysqlIO.java:1244)
	at com.mysql.jdbc.ConnectionImpl.coreConnect(ConnectionImpl.java:2412)
	at com.mysql.jdbc.ConnectionImpl.connectOneTryOnly(ConnectionImpl.java:2445)
	at com.mysql.jdbc.ConnectionImpl.createNewIO(ConnectionImpl.java:2230)
	at com.mysql.jdbc.ConnectionImpl.<init>(ConnectionImpl.java:813)
	at com.mysql.jdbc.JDBC4Connection.<init>(JDBC4Connection.java:47)
	at sun.reflect.GeneratedConstructorAccessor11.newInstance(Unknown Source)
	at sun.reflect.DelegatingConstructorAccessorImpl.newInstance(Unknown Source)
	at java.lang.reflect.Constructor.newInstance(Unknown Source)
	at com.mysql.jdbc.Util.handleNewInstance(Util.java:411)
	at com.mysql.jdbc.ConnectionImpl.getInstance(ConnectionImpl.java:399)
	at com.mysql.jdbc.NonRegisteringDriver.connect(NonRegisteringDriver.java:334)
	at java.sql.DriverManager.getConnection(Unknown Source)
	at java.sql.DriverManager.getConnection(Unknown Source)
	at es.uvigo.esei.dai.hybridserver.Worker.<init>(Worker.java:45)
	at es.uvigo.esei.dai.hybridserver.HybridServer$1.run(HybridServer.java:69)
java.sql.SQLException: Access denied for user 'dai'@'localhost' (using password: YES)
	at com.mysql.jdbc.SQLError.createSQLException(SQLError.java:1074)
	at com.mysql.jdbc.MysqlIO.checkErrorPacket(MysqlIO.java:4096)
	at com.mysql.jdbc.MysqlIO.checkErrorPacket(MysqlIO.java:4028)
	at com.mysql.jdbc.MysqlIO.checkErrorPacket(MysqlIO.java:919)
	at com.mysql.jdbc.MysqlIO.proceedHandshakeWithPluggableAuthentication(MysqlIO.java:1694)
	at com.mysql.jdbc.MysqlIO.doHandshake(MysqlIO.java:1244)
	at com.mysql.jdbc.ConnectionImpl.coreConnect(ConnectionImpl.java:2412)
	at com.mysql.jdbc.ConnectionImpl.connectOneTryOnly(ConnectionImpl.java:2445)
	at com.mysql.jdbc.ConnectionImpl.createNewIO(ConnectionImpl.java:2230)
	at com.mysql.jdbc.ConnectionImpl.<init>(ConnectionImpl.java:813)
	at com.mysql.jdbc.JDBC4Connection.<init>(JDBC4Connection.java:47)
	at sun.reflect.GeneratedConstructorAccessor11.newInstance(Unknown Source)
	at sun.reflect.DelegatingConstructorAccessorImpl.newInstance(Unknown Source)
	at java.lang.reflect.Constructor.newInstance(Unknown Source)
	at com.mysql.jdbc.Util.handleNewInstance(Util.java:411)
	at com.mysql.jdbc.ConnectionImpl.getInstance(ConnectionImpl.java:399)
	at com.mysql.jdbc.NonRegisteringDriver.connect(NonRegisteringDriver.java:334)
	at java.sql.DriverManager.getConnection(Unknown Source)
	at java.sql.DriverManager.getConnection(Unknown Source)
	at es.uvigo.esei.dai.hybridserver.Worker.<init>(Worker.java:45)
	at es.uvigo.esei.dai.hybridserver.HybridServer$1.run(HybridServer.java:69)
java.sql.SQLException: Access denied for user 'dai'@'localhost' (using password: YES)
	at com.mysql.jdbc.SQLError.createSQLException(SQLError.java:1074)
	at com.mysql.jdbc.MysqlIO.checkErrorPacket(MysqlIO.java:4096)
	at com.mysql.jdbc.MysqlIO.checkErrorPacket(MysqlIO.java:4028)
	at com.mysql.jdbc.MysqlIO.checkErrorPacket(MysqlIO.java:919)
	at com.mysql.jdbc.MysqlIO.proceedHandshakeWithPluggableAuthentication(MysqlIO.java:1694)
	at com.mysql.jdbc.MysqlIO.doHandshake(MysqlIO.java:1244)
	at com.mysql.jdbc.ConnectionImpl.coreConnect(ConnectionImpl.java:2412)
	at com.mysql.jdbc.ConnectionImpl.connectOneTryOnly(ConnectionImpl.java:2445)
	at com.mysql.jdbc.ConnectionImpl.createNewIO(ConnectionImpl.java:2230)
	at com.mysql.jdbc.ConnectionImpl.<init>(ConnectionImpl.java:813)
	at com.mysql.jdbc.JDBC4Connection.<init>(JDBC4Connection.java:47)
	at sun.reflect.GeneratedConstructorAccessor11.newInstance(Unknown Source)
	at sun.reflect.DelegatingConstructorAccessorImpl.newInstance(Unknown Source)
	at java.lang.reflect.Constructor.newInstance(Unknown Source)
	at com.mysql.jdbc.Util.handleNewInstance(Util.java:411)
	at com.mysql.jdbc.ConnectionImpl.getInstance(ConnectionImpl.java:399)
	at com.mysql.jdbc.NonRegisteringDriver.connect(NonRegisteringDriver.java:334)
	at java.sql.DriverManager.getConnection(Unknown Source)
	at java.sql.DriverManager.getConnection(Unknown Source)
	at es.uvigo.esei.dai.hybridserver.Worker.<init>(Worker.java:45)
	at es.uvigo.esei.dai.hybridserver.HybridServer$1.run(HybridServer.java:69)
java.sql.SQLException: Access denied for user 'dai'@'localhost' (using password: YES)
	at com.mysql.jdbc.SQLError.createSQLException(SQLError.java:1074)
	at com.mysql.jdbc.MysqlIO.checkErrorPacket(MysqlIO.java:4096)
	at com.mysql.jdbc.MysqlIO.checkErrorPacket(MysqlIO.java:4028)
	at com.mysql.jdbc.MysqlIO.checkErrorPacket(MysqlIO.java:919)
	at com.mysql.jdbc.MysqlIO.proceedHandshakeWithPluggableAuthentication(MysqlIO.java:1694)
	at com.mysql.jdbc.MysqlIO.doHandshake(MysqlIO.java:1244)
	at com.mysql.jdbc.ConnectionImpl.coreConnect(ConnectionImpl.java:2412)
	at com.mysql.jdbc.ConnectionImpl.connectOneTryOnly(ConnectionImpl.java:2445)
	at com.mysql.jdbc.ConnectionImpl.createNewIO(ConnectionImpl.java:2230)
	at com.mysql.jdbc.ConnectionImpl.<init>(ConnectionImpl.java:813)
	at com.mysql.jdbc.JDBC4Connection.<init>(JDBC4Connection.java:47)
	at sun.reflect.GeneratedConstructorAccessor11.newInstance(Unknown Source)
	at sun.reflect.DelegatingConstructorAccessorImpl.newInstance(Unknown Source)
	at java.lang.reflect.Constructor.newInstance(Unknown Source)
	at com.mysql.jdbc.Util.handleNewInstance(Util.java:411)
	at com.mysql.jdbc.ConnectionImpl.getInstance(ConnectionImpl.java:399)
	at com.mysql.jdbc.NonRegisteringDriver.connect(NonRegisteringDriver.java:334)
	at java.sql.DriverManager.getConnection(Unknown Source)
	at java.sql.DriverManager.getConnection(Unknown Source)
	at es.uvigo.esei.dai.hybridserver.Worker.<init>(Worker.java:45)
	at es.uvigo.esei.dai.hybridserver.HybridServer$1.run(HybridServer.java:69)
java.sql.SQLException: Access denied for user 'dai'@'localhost' (using password: YES)
	at com.mysql.jdbc.SQLError.createSQLException(SQLError.java:1074)
	at com.mysql.jdbc.MysqlIO.checkErrorPacket(MysqlIO.java:4096)
	at com.mysql.jdbc.MysqlIO.checkErrorPacket(MysqlIO.java:4028)
	at com.mysql.jdbc.MysqlIO.checkErrorPacket(MysqlIO.java:919)
	at com.mysql.jdbc.MysqlIO.proceedHandshakeWithPluggableAuthentication(MysqlIO.java:1694)
	at com.mysql.jdbc.MysqlIO.doHandshake(MysqlIO.java:1244)
	at com.mysql.jdbc.ConnectionImpl.coreConnect(ConnectionImpl.java:2412)
	at com.mysql.jdbc.ConnectionImpl.connectOneTryOnly(ConnectionImpl.java:2445)
	at com.mysql.jdbc.ConnectionImpl.createNewIO(ConnectionImpl.java:2230)
	at com.mysql.jdbc.ConnectionImpl.<init>(ConnectionImpl.java:813)
	at com.mysql.jdbc.JDBC4Connection.<init>(JDBC4Connection.java:47)
	at sun.reflect.GeneratedConstructorAccessor11.newInstance(Unknown Source)
	at sun.reflect.DelegatingConstructorAccessorImpl.newInstance(Unknown Source)
	at java.lang.reflect.Constructor.newInstance(Unknown Source)
	at com.mysql.jdbc.Util.handleNewInstance(Util.java:411)
	at com.mysql.jdbc.ConnectionImpl.getInstance(ConnectionImpl.java:399)
	at com.mysql.jdbc.NonRegisteringDriver.connect(NonRegisteringDriver.java:334)
	at java.sql.DriverManager.getConnection(Unknown Source)
	at java.sql.DriverManager.getConnection(Unknown Source)
	at es.uvigo.esei.dai.hybridserver.Worker.<init>(Worker.java:45)
	at es.uvigo.esei.dai.hybridserver.HybridServer$1.run(HybridServer.java:69)
java.sql.SQLException: Access denied for user 'dai'@'localhost' (using password: YES)
	at com.mysql.jdbc.SQLError.createSQLException(SQLError.java:1074)
	at com.mysql.jdbc.MysqlIO.checkErrorPacket(MysqlIO.java:4096)
	at com.mysql.jdbc.MysqlIO.checkErrorPacket(MysqlIO.java:4028)
	at com.mysql.jdbc.MysqlIO.checkErrorPacket(MysqlIO.java:919)
	at com.mysql.jdbc.MysqlIO.proceedHandshakeWithPluggableAuthentication(MysqlIO.java:1694)
	at com.mysql.jdbc.MysqlIO.doHandshake(MysqlIO.java:1244)
	at com.mysql.jdbc.ConnectionImpl.coreConnect(ConnectionImpl.java:2412)
	at com.mysql.jdbc.ConnectionImpl.connectOneTryOnly(ConnectionImpl.java:2445)
	at com.mysql.jdbc.ConnectionImpl.createNewIO(ConnectionImpl.java:2230)
	at com.mysql.jdbc.ConnectionImpl.<init>(ConnectionImpl.java:813)
	at com.mysql.jdbc.JDBC4Connection.<init>(JDBC4Connection.java:47)
	at sun.reflect.GeneratedConstructorAccessor11.newInstance(Unknown Source)
	at sun.reflect.DelegatingConstructorAccessorImpl.newInstance(Unknown Source)
	at java.lang.reflect.Constructor.newInstance(Unknown Source)
	at com.mysql.jdbc.Util.handleNewInstance(Util.java:411)
	at com.mysql.jdbc.ConnectionImpl.getInstance(ConnectionImpl.java:399)
	at com.mysql.jdbc.NonRegisteringDriver.connect(NonRegisteringDriver.java:334)
	at java.sql.DriverManager.getConnection(Unknown Source)
	at java.sql.DriverManager.getConnection(Unknown Source)
	at es.uvigo.esei.dai.hybridserver.Worker.<init>(Worker.java:45)
	at es.uvigo.esei.dai.hybridserver.HybridServer$1.run(HybridServer.java:69)
java.sql.SQLException: Access denied for user 'dai'@'localhost' (using password: YES)
	at com.mysql.jdbc.SQLError.createSQLException(SQLError.java:1074)
	at com.mysql.jdbc.MysqlIO.checkErrorPacket(MysqlIO.java:4096)
	at com.mysql.jdbc.MysqlIO.checkErrorPacket(MysqlIO.java:4028)
	at com.mysql.jdbc.MysqlIO.checkErrorPacket(MysqlIO.java:919)
	at com.mysql.jdbc.MysqlIO.proceedHandshakeWithPluggableAuthentication(MysqlIO.java:1694)
	at com.mysql.jdbc.MysqlIO.doHandshake(MysqlIO.java:1244)
	at com.mysql.jdbc.ConnectionImpl.coreConnect(ConnectionImpl.java:2412)
	at com.mysql.jdbc.ConnectionImpl.connectOneTryOnly(ConnectionImpl.java:2445)
	at com.mysql.jdbc.ConnectionImpl.createNewIO(ConnectionImpl.java:2230)
	at com.mysql.jdbc.ConnectionImpl.<init>(ConnectionImpl.java:813)
	at com.mysql.jdbc.JDBC4Connection.<init>(JDBC4Connection.java:47)
	at sun.reflect.GeneratedConstructorAccessor11.newInstance(Unknown Source)
	at sun.reflect.DelegatingConstructorAccessorImpl.newInstance(Unknown Source)
	at java.lang.reflect.Constructor.newInstance(Unknown Source)
	at com.mysql.jdbc.Util.handleNewInstance(Util.java:411)
	at com.mysql.jdbc.ConnectionImpl.getInstance(ConnectionImpl.java:399)
	at com.mysql.jdbc.NonRegisteringDriver.connect(NonRegisteringDriver.java:334)
	at java.sql.DriverManager.getConnection(Unknown Source)
	at java.sql.DriverManager.getConnection(Unknown Source)
	at es.uvigo.esei.dai.hybridserver.Worker.<init>(Worker.java:45)
	at es.uvigo.esei.dai.hybridserver.HybridServer$1.run(HybridServer.java:69)
[main] WARN org.dbunit.dataset.AbstractTableMetaData - Potential problem found: The configured data type factory 'class org.dbunit.dataset.datatype.DefaultDataTypeFactory' might cause problems with the current database 'MySQL' (e.g. some datatypes may not be supported properly). In rare cases you might see this message because the list of supported database products is incomplete (list=[derby]). If so please request a java-class update via the forums.If you are using your own IDataTypeFactory extending DefaultDataTypeFactory, ensure that you override getValidDbProducts() to specify the supported database products.
[main] WARN org.dbunit.dataset.AbstractTableMetaData - Potential problem found: The configured data type factory 'class org.dbunit.dataset.datatype.DefaultDataTypeFactory' might cause problems with the current database 'MySQL' (e.g. some datatypes may not be supported properly). In rare cases you might see this message because the list of supported database products is incomplete (list=[derby]). If so please request a java-class update via the forums.If you are using your own IDataTypeFactory extending DefaultDataTypeFactory, ensure that you override getValidDbProducts() to specify the supported database products.
[main] WARN org.dbunit.dataset.AbstractTableMetaData - Potential problem found: The configured data type factory 'class org.dbunit.dataset.datatype.DefaultDataTypeFactory' might cause problems with the current database 'MySQL' (e.g. some datatypes may not be supported properly). In rare cases you might see this message because the list of supported database products is incomplete (list=[derby]). If so please request a java-class update via the forums.If you are using your own IDataTypeFactory extending DefaultDataTypeFactory, ensure that you override getValidDbProducts() to specify the supported database products.
[main] WARN org.dbunit.dataset.AbstractTableMetaData - Potential problem found: The configured data type factory 'class org.dbunit.dataset.datatype.DefaultDataTypeFactory' might cause problems with the current database 'MySQL' (e.g. some datatypes may not be supported properly). In rare cases you might see this message because the list of supported database products is incomplete (list=[derby]). If so please request a java-class update via the forums.If you are using your own IDataTypeFactory extending DefaultDataTypeFactory, ensure that you override getValidDbProducts() to specify the supported database products.
[main] WARN org.dbunit.dataset.AbstractTableMetaData - Potential problem found: The configured data type factory 'class org.dbunit.dataset.datatype.DefaultDataTypeFactory' might cause problems with the current database 'MySQL' (e.g. some datatypes may not be supported properly). In rare cases you might see this message because the list of supported database products is incomplete (list=[derby]). If so please request a java-class update via the forums.If you are using your own IDataTypeFactory extending DefaultDataTypeFactory, ensure that you override getValidDbProducts() to specify the supported database products.
[main] WARN org.dbunit.dataset.AbstractTableMetaData - Potential problem found: The configured data type factory 'class org.dbunit.dataset.datatype.DefaultDataTypeFactory' might cause problems with the current database 'MySQL' (e.g. some datatypes may not be supported properly). In rare cases you might see this message because the list of supported database products is incomplete (list=[derby]). If so please request a java-class update via the forums.If you are using your own IDataTypeFactory extending DefaultDataTypeFactory, ensure that you override getValidDbProducts() to specify the supported database products.
]]></system-err>
</testsuite>
